<?xml version="1.0" encoding="UTF-8"?>
<robot generator="Robot 6.1.1 (Python 3.11.4 on win32)" generated="20240223 15:26:57.807" rpa="false" schemaversion="4">
<suite id="s1" name="Fill Businessformclient" source="D:\updated_develop\forms-flow-ai-automation-testing\Formsflow-RobotFramework\test-cases\Fill_Businessformclient.robot">
<test id="s1-t1" name="Logintest" line="23">
<kw name="Open chrome Browser and goto QAbundle instance" library="Generic" type="SETUP">
<kw name="Open Browser" library="SeleniumLibrary">
<arg>${url}</arg>
<arg>browser=chrome</arg>
<arg>options=add_argument("--headless")</arg>
<doc>Opens a new browser instance to the optional ``url``.</doc>
<msg timestamp="20240223 15:26:58.287" level="INFO">Opening browser 'chrome' to base url 'https://forms-flow-web-qaee.aot-technologies.com/'.</msg>
<status status="PASS" starttime="20240223 15:26:58.286" endtime="20240223 15:27:08.330"/>
</kw>
<kw name="Maximize Browser Window" library="SeleniumLibrary">
<doc>Maximizes current browser window.</doc>
<status status="PASS" starttime="20240223 15:27:08.330" endtime="20240223 15:27:08.443"/>
</kw>
<status status="PASS" starttime="20240223 15:26:58.286" endtime="20240223 15:27:08.443"/>
</kw>
<kw name="Retrieve Username and Password" library="Generic">
<var>${client_user}</var>
<var>${password}</var>
<arg>${row}</arg>
<arg>${column}</arg>
<kw name="Open Workbook" library="RPA.Excel.Files">
<arg>${Excel_FILE}</arg>
<doc>Open an existing Excel workbook.</doc>
<msg timestamp="20240223 15:27:08.459" level="INFO">Opened workbook: &lt;RPA.Excel.Files.XlsxWorkbook object at 0x0000022B7575C290&gt;</msg>
<status status="PASS" starttime="20240223 15:27:08.445" endtime="20240223 15:27:08.459"/>
</kw>
<kw name="Get Cell Value" library="RPA.Excel.Files">
<var>${username}</var>
<arg>${row}</arg>
<arg>${column}</arg>
<doc>Get a cell value in the given worksheet.</doc>
<msg timestamp="20240223 15:27:08.461" level="INFO">${username} = formsflow-client</msg>
<status status="PASS" starttime="20240223 15:27:08.460" endtime="20240223 15:27:08.461"/>
</kw>
<kw name="Get Cell Value" library="RPA.Excel.Files">
<var>${password}</var>
<arg>2</arg>
<arg>2</arg>
<doc>Get a cell value in the given worksheet.</doc>
<msg timestamp="20240223 15:27:08.462" level="INFO">${password} = aot123</msg>
<status status="PASS" starttime="20240223 15:27:08.461" endtime="20240223 15:27:08.462"/>
</kw>
<kw name="Log" library="BuiltIn">
<arg>Value from second row, first column: ${username}</arg>
<doc>Logs the given message with the given level.</doc>
<msg timestamp="20240223 15:27:08.462" level="INFO">Value from second row, first column: formsflow-client</msg>
<status status="PASS" starttime="20240223 15:27:08.462" endtime="20240223 15:27:08.463"/>
</kw>
<kw name="Log" library="BuiltIn">
<arg>Value from second row, second column: ${password}</arg>
<doc>Logs the given message with the given level.</doc>
<msg timestamp="20240223 15:27:08.463" level="INFO">Value from second row, second column: aot123</msg>
<status status="PASS" starttime="20240223 15:27:08.463" endtime="20240223 15:27:08.463"/>
</kw>
<kw name="Close Workbook" library="RPA.Excel.Files">
<doc>Close the active workbook.</doc>
<msg timestamp="20240223 15:27:08.463" level="INFO">Closing workbook: &lt;RPA.Excel.Files.XlsxWorkbook object at 0x0000022B7575C290&gt;</msg>
<status status="PASS" starttime="20240223 15:27:08.463" endtime="20240223 15:27:08.464"/>
</kw>
<msg timestamp="20240223 15:27:08.464" level="INFO">${client_user} = formsflow-client</msg>
<msg timestamp="20240223 15:27:08.464" level="INFO">${password} = aot123</msg>
<status status="PASS" starttime="20240223 15:27:08.445" endtime="20240223 15:27:08.464"/>
</kw>
<kw name="Log" library="BuiltIn">
<arg>First Value: ${client_user}</arg>
<doc>Logs the given message with the given level.</doc>
<msg timestamp="20240223 15:27:08.464" level="INFO">First Value: formsflow-client</msg>
<status status="PASS" starttime="20240223 15:27:08.464" endtime="20240223 15:27:08.464"/>
</kw>
<kw name="Login To QA Instance" library="Generic">
<arg>${client_user}</arg>
<arg>${password}</arg>
<kw name="Sleep" library="BuiltIn">
<arg>5</arg>
<doc>Pauses the test executed for the given time.</doc>
<msg timestamp="20240223 15:27:13.467" level="INFO">Slept 5 seconds</msg>
<status status="PASS" starttime="20240223 15:27:08.465" endtime="20240223 15:27:13.467"/>
</kw>
<kw name="Input Text" library="SeleniumLibrary">
<arg>${enter_username}</arg>
<arg>${username}</arg>
<doc>Types the given ``text`` into the text field identified by ``locator``.</doc>
<msg timestamp="20240223 15:27:13.468" level="INFO">Typing text 'formsflow-client' into text field '//*[@id="username"]'.</msg>
<status status="PASS" starttime="20240223 15:27:13.467" endtime="20240223 15:27:13.670"/>
</kw>
<kw name="Input Password" library="SeleniumLibrary">
<arg>${enter_password}</arg>
<arg>${password}</arg>
<doc>Types the given password into the text field identified by ``locator``.</doc>
<msg timestamp="20240223 15:27:13.672" level="INFO">Typing password into text field '//*[@id="password"]'.</msg>
<msg timestamp="20240223 15:27:13.760" level="INFO">Temporally setting log level to: NONE</msg>
<msg timestamp="20240223 15:27:13.876" level="INFO">Log level changed from NONE to INFO.</msg>
<status status="PASS" starttime="20240223 15:27:13.671" endtime="20240223 15:27:13.876"/>
</kw>
<kw name="Click Button" library="SeleniumLibrary">
<arg>${login}</arg>
<doc>Clicks the button identified by ``locator``.</doc>
<msg timestamp="20240223 15:27:13.879" level="INFO">Clicking button '//*[@id="kc-login"]'.</msg>
<status status="PASS" starttime="20240223 15:27:13.877" endtime="20240223 15:27:15.909"/>
</kw>
<kw name="Maximize Browser Window" library="SeleniumLibrary">
<doc>Maximizes current browser window.</doc>
<status status="PASS" starttime="20240223 15:27:15.910" endtime="20240223 15:27:15.915"/>
</kw>
<kw name="Sleep" library="BuiltIn">
<arg>5</arg>
<doc>Pauses the test executed for the given time.</doc>
<msg timestamp="20240223 15:27:20.916" level="INFO">Slept 5 seconds</msg>
<status status="PASS" starttime="20240223 15:27:15.916" endtime="20240223 15:27:20.916"/>
</kw>
<status status="PASS" starttime="20240223 15:27:08.465" endtime="20240223 15:27:20.916"/>
</kw>
<kw name="Search Form" library="FormsLandingPAge">
<arg>${New_businessform}</arg>
<arg>${form_id}</arg>
<kw name="Input Text" library="SeleniumLibrary">
<arg>//input[@data-testid='form-search-input-box']</arg>
<arg>${formname_client}</arg>
<doc>Types the given ``text`` into the text field identified by ``locator``.</doc>
<msg timestamp="20240223 15:27:20.919" level="INFO">Typing text 'New Business License' into text field '//input[@data-testid='form-search-input-box']'.</msg>
<status status="PASS" starttime="20240223 15:27:20.918" endtime="20240223 15:27:21.261"/>
</kw>
<kw name="Click Element" library="SeleniumLibrary">
<arg>//*[@data-testid='form-search-click-button']</arg>
<doc>Click the element identified by ``locator``.</doc>
<msg timestamp="20240223 15:27:21.262" level="INFO">Clicking element '//*[@data-testid='form-search-click-button']'.</msg>
<status status="PASS" starttime="20240223 15:27:21.261" endtime="20240223 15:27:21.382"/>
</kw>
<kw name="Sleep" library="BuiltIn">
<arg>3</arg>
<doc>Pauses the test executed for the given time.</doc>
<msg timestamp="20240223 15:27:24.383" level="INFO">Slept 3 seconds</msg>
<status status="PASS" starttime="20240223 15:27:21.383" endtime="20240223 15:27:24.384"/>
</kw>
<kw name="Click Button" library="SeleniumLibrary">
<arg>//*[@data-testid='form-submit-button-${form_id}']</arg>
<doc>Clicks the button identified by ``locator``.</doc>
<msg timestamp="20240223 15:27:24.385" level="INFO">Clicking button '//*[@data-testid='form-submit-button-64b8dd187b3d9f92a25474ca']'.</msg>
<status status="PASS" starttime="20240223 15:27:24.384" endtime="20240223 15:27:24.507"/>
</kw>
<kw name="Sleep" library="BuiltIn">
<arg>10</arg>
<doc>Pauses the test executed for the given time.</doc>
<msg timestamp="20240223 15:27:34.508" level="INFO">Slept 10 seconds</msg>
<status status="PASS" starttime="20240223 15:27:24.507" endtime="20240223 15:27:34.508"/>
</kw>
<status status="PASS" starttime="20240223 15:27:20.917" endtime="20240223 15:27:34.508"/>
</kw>
<kw name="Fill_Form" library="FormfillClient">
<kw name="Sleep" library="BuiltIn">
<arg>8</arg>
<doc>Pauses the test executed for the given time.</doc>
<msg timestamp="20240223 15:27:42.511" level="INFO">Slept 8 seconds</msg>
<status status="PASS" starttime="20240223 15:27:34.510" endtime="20240223 15:27:42.511"/>
</kw>
<kw name="Input Text" library="SeleniumLibrary">
<arg>//input[@name='data[businessOperatingName]']</arg>
<arg>${BusinessName}</arg>
<doc>Types the given ``text`` into the text field identified by ``locator``.</doc>
<msg timestamp="20240223 15:27:42.512" level="INFO">Typing text 'aot' into text field '//input[@name='data[businessOperatingName]']'.</msg>
<status status="PASS" starttime="20240223 15:27:42.511" endtime="20240223 15:27:42.591"/>
</kw>
<kw name="Get Current Date" library="DateTime">
<var>${my_date_to_select}</var>
<arg>result_format=%d%m%Y</arg>
<doc>Returns current local or UTC time with an optional increment.</doc>
<msg timestamp="20240223 15:27:42.592" level="INFO">${my_date_to_select} = 23022024</msg>
<status status="PASS" starttime="20240223 15:27:42.591" endtime="20240223 15:27:42.592"/>
</kw>
<kw name="Input Text" library="SeleniumLibrary">
<arg>//*[@id="e8pvw39"]/div[1]/div/input[2]</arg>
<arg>${my_date_to_select}</arg>
<doc>Types the given ``text`` into the text field identified by ``locator``.</doc>
<msg timestamp="20240223 15:27:42.592" level="INFO">Typing text '23022024' into text field '//*[@id="e8pvw39"]/div[1]/div/input[2]'.</msg>
<status status="PASS" starttime="20240223 15:27:42.592" endtime="20240223 15:27:42.675"/>
</kw>
<kw name="Press Keys" library="SeleniumLibrary">
<arg>//*[@id="e8pvw39"]/div[1]/div/input[2]</arg>
<arg>ENTER</arg>
<doc>Simulates the user pressing key(s) to an element or on the active browser.</doc>
<msg timestamp="20240223 15:27:42.676" level="INFO">Sending key(s) ('ENTER',) to //*[@id="e8pvw39"]/div[1]/div/input[2] element.</msg>
<msg timestamp="20240223 15:27:42.966" level="INFO">Pressing special key ENTER to element.</msg>
<msg timestamp="20240223 15:27:42.966" level="INFO">Releasing special key ENTER.</msg>
<status status="PASS" starttime="20240223 15:27:42.675" endtime="20240223 15:27:42.988"/>
</kw>
<kw name="Input Text" library="SeleniumLibrary">
<arg>//input[@name='data[natureOfBusiness]']</arg>
<arg>${natureOfBusiness}</arg>
<doc>Types the given ``text`` into the text field identified by ``locator``.</doc>
<msg timestamp="20240223 15:27:42.989" level="INFO">Typing text 'IT' into text field '//input[@name='data[natureOfBusiness]']'.</msg>
<status status="PASS" starttime="20240223 15:27:42.989" endtime="20240223 15:27:43.065"/>
</kw>
<kw name="Input Text" library="SeleniumLibrary">
<arg>//input[@name='data[numberOfEmployees]']</arg>
<arg>${noOfEmployess}</arg>
<doc>Types the given ``text`` into the text field identified by ``locator``.</doc>
<msg timestamp="20240223 15:27:43.065" level="INFO">Typing text '15' into text field '//input[@name='data[numberOfEmployees]']'.</msg>
<status status="PASS" starttime="20240223 15:27:43.065" endtime="20240223 15:27:43.118"/>
</kw>
<kw name="Input Text" library="SeleniumLibrary">
<arg>//*[@id="e7m8htm-eMail"]</arg>
<arg>${mail}</arg>
<doc>Types the given ``text`` into the text field identified by ``locator``.</doc>
<msg timestamp="20240223 15:27:43.119" level="INFO">Typing text 'ati@gmail.com' into text field '//*[@id="e7m8htm-eMail"]'.</msg>
<status status="PASS" starttime="20240223 15:27:43.118" endtime="20240223 15:27:43.178"/>
</kw>
<kw name="Sleep" library="BuiltIn">
<arg>2</arg>
<doc>Pauses the test executed for the given time.</doc>
<msg timestamp="20240223 15:27:45.179" level="INFO">Slept 2 seconds</msg>
<status status="PASS" starttime="20240223 15:27:43.179" endtime="20240223 15:27:45.179"/>
</kw>
<kw name="Wait Until Element Is Visible" library="SeleniumLibrary">
<arg>//input[contains(@name,'data[typeOfBussiness]') and @value='Sole Proprietor']</arg>
<doc>Waits until the element ``locator`` is visible.</doc>
<status status="PASS" starttime="20240223 15:27:45.179" endtime="20240223 15:27:45.233"/>
</kw>
<kw name="Click Element" library="SeleniumLibrary">
<arg>//input[contains(@name,'data[typeOfBussiness]') and @value='Sole Proprietor']</arg>
<doc>Click the element identified by ``locator``.</doc>
<msg timestamp="20240223 15:27:45.234" level="INFO">Clicking element '//input[contains(@name,'data[typeOfBussiness]') and @value='Sole Proprietor']'.</msg>
<status status="PASS" starttime="20240223 15:27:45.233" endtime="20240223 15:27:45.333"/>
</kw>
<kw name="Click Element" library="SeleniumLibrary">
<arg>//*[@id="eyfajb"]/div[1]/div[2]/label/input</arg>
<doc>Click the element identified by ``locator``.</doc>
<msg timestamp="20240223 15:27:45.334" level="INFO">Clicking element '//*[@id="eyfajb"]/div[1]/div[2]/label/input'.</msg>
<status status="PASS" starttime="20240223 15:27:45.333" endtime="20240223 15:27:45.436"/>
</kw>
<kw name="Click Element" library="SeleniumLibrary">
<arg>//*[@id="elacr9"]/div[1]/div[2]/label/input</arg>
<doc>Click the element identified by ``locator``.</doc>
<msg timestamp="20240223 15:27:45.437" level="INFO">Clicking element '//*[@id="elacr9"]/div[1]/div[2]/label/input'.</msg>
<status status="PASS" starttime="20240223 15:27:45.436" endtime="20240223 15:27:45.561"/>
</kw>
<kw name="Click Element" library="SeleniumLibrary">
<arg>//*[@id="ecqy9f8"]/div[1]/div[2]/label/input</arg>
<doc>Click the element identified by ``locator``.</doc>
<msg timestamp="20240223 15:27:45.562" level="INFO">Clicking element '//*[@id="ecqy9f8"]/div[1]/div[2]/label/input'.</msg>
<status status="PASS" starttime="20240223 15:27:45.561" endtime="20240223 15:27:45.662"/>
</kw>
<kw name="Wait Until Element Is Enabled" library="SeleniumLibrary">
<arg>//*[@name="data[submit]"]</arg>
<doc>Waits until the element ``locator`` is enabled.</doc>
<status status="PASS" starttime="20240223 15:27:45.663" endtime="20240223 15:27:45.956"/>
</kw>
<kw name="Click Button" library="SeleniumLibrary">
<arg>//*[@name="data[submit]"]</arg>
<doc>Clicks the button identified by ``locator``.</doc>
<msg timestamp="20240223 15:27:45.957" level="INFO">Clicking button '//*[@name="data[submit]"]'.</msg>
<status status="PASS" starttime="20240223 15:27:45.956" endtime="20240223 15:27:46.128"/>
</kw>
<kw name="Sleep" library="BuiltIn">
<arg>7</arg>
<doc>Pauses the test executed for the given time.</doc>
<msg timestamp="20240223 15:27:53.128" level="INFO">Slept 7 seconds</msg>
<status status="PASS" starttime="20240223 15:27:46.128" endtime="20240223 15:27:53.128"/>
</kw>
<kw name="Wait Until Page Contains" library="SeleniumLibrary">
<arg>Submission Saved.</arg>
<doc>Waits until ``text`` appears on the current page.</doc>
<status status="PASS" starttime="20240223 15:27:53.128" endtime="20240223 15:27:53.161"/>
</kw>
<status status="PASS" starttime="20240223 15:27:34.509" endtime="20240223 15:27:53.161"/>
</kw>
<kw name="Check status of form submitted" library="ApplicationPage">
<kw name="Click Element" library="SeleniumLibrary">
<arg>//span[@class='navbar-toggler-icon']</arg>
<doc>Click the element identified by ``locator``.</doc>
<msg timestamp="20240223 15:27:53.164" level="INFO">Clicking element '//span[@class='navbar-toggler-icon']'.</msg>
<msg timestamp="20240223 15:27:54.459" level="INFO" html="true">&lt;/td&gt;&lt;/tr&gt;&lt;tr&gt;&lt;td colspan="3"&gt;&lt;a href="selenium-screenshot-44.png"&gt;&lt;img src="selenium-screenshot-44.png" width="800px"&gt;&lt;/a&gt;</msg>
<msg timestamp="20240223 15:27:54.460" level="FAIL">ElementClickInterceptedException: Message: element click intercepted: Element &lt;span class="navbar-toggler-icon"&gt;&lt;/span&gt; is not clickable at point (724, 24). Other element would receive the click: &lt;div id="gb277zxg2" class="Toastify__toast Toastify__toast--success"&gt;...&lt;/div&gt;
  (Session info: chrome-headless-shell=121.0.6167.185)
Stacktrace:
	GetHandleVerifier [0x00007FF74A5B5E42+3538674]
	(No symbol) [0x00007FF74A1D4C02]
	(No symbol) [0x00007FF74A085AEB]
	(No symbol) [0x00007FF74A0D33E4]
	(No symbol) [0x00007FF74A0D1122]
	(No symbol) [0x00007FF74A0CE884]
	(No symbol) [0x00007FF74A0CD5A9]
	(No symbol) [0x00007FF74A0C1950]
	(No symbol) [0x00007FF74A0EF0AA]
	(No symbol) [0x00007FF74A0C124A]
	(No symbol) [0x00007FF74A0EF2C0]
	(No symbol) [0x00007FF74A10BDE3]
	(No symbol) [0x00007FF74A0EEE53]
	(No symbol) [0x00007FF74A0BF514]
	(No symbol) [0x00007FF74A0C0631]
	GetHandleVerifier [0x00007FF74A5E6CAD+3738973]
	GetHandleVerifier [0x00007FF74A63C506+4089270]
	GetHandleVerifier [0x00007FF74A634823+4057299]
	GetHandleVerifier [0x00007FF74A305C49+720121]
	(No symbol) [0x00007FF74A1E126F]
	(No symbol) [0x00007FF74A1DC304]
	(No symbol) [0x00007FF74A1DC432]
	(No symbol) [0x00007FF74A1CBD04]
	BaseThreadInitThunk [0x00007FFE13037344+20]
	RtlUserThreadStart [0x00007FFE14BC26B1+33]
</msg>
<status status="FAIL" starttime="20240223 15:27:53.163" endtime="20240223 15:27:54.849"/>
</kw>
<kw name="Sleep" library="BuiltIn">
<arg>5</arg>
<doc>Pauses the test executed for the given time.</doc>
<status status="NOT RUN" starttime="20240223 15:27:54.849" endtime="20240223 15:27:54.849"/>
</kw>
<kw name="Click Element" library="SeleniumLibrary">
<arg>//a[@data-testid='applications-nav-link']</arg>
<doc>Click the element identified by ``locator``.</doc>
<status status="NOT RUN" starttime="20240223 15:27:54.849" endtime="20240223 15:27:54.849"/>
</kw>
<kw name="Sleep" library="BuiltIn">
<arg>3</arg>
<doc>Pauses the test executed for the given time.</doc>
<status status="NOT RUN" starttime="20240223 15:27:54.849" endtime="20240223 15:27:54.849"/>
</kw>
<kw name="Fetch Submission ID" library="ApplicationPage">
<var>${id_value}</var>
<arg>${TABLE_ROW_SUBMISSION}</arg>
<arg>${TABLE_COLUMN_SUBMISSION}</arg>
<status status="NOT RUN" starttime="20240223 15:27:54.850" endtime="20240223 15:27:54.850"/>
</kw>
<kw name="Sleep" library="BuiltIn">
<arg>5</arg>
<doc>Pauses the test executed for the given time.</doc>
<status status="NOT RUN" starttime="20240223 15:27:54.850" endtime="20240223 15:27:54.850"/>
</kw>
<kw name="Click Button" library="SeleniumLibrary">
<arg>//button[@data-testid='submission-details-button-${id_value}']</arg>
<doc>Clicks the button identified by ``locator``.</doc>
<status status="NOT RUN" starttime="20240223 15:27:54.850" endtime="20240223 15:27:54.850"/>
</kw>
<kw name="Sleep" library="BuiltIn">
<arg>3</arg>
<doc>Pauses the test executed for the given time.</doc>
<status status="NOT RUN" starttime="20240223 15:27:54.850" endtime="20240223 15:27:54.850"/>
</kw>
<kw name="Click Element" library="SeleniumLibrary">
<arg>//*[@id='application-details-tab-form']</arg>
<doc>Click the element identified by ``locator``.</doc>
<status status="NOT RUN" starttime="20240223 15:27:54.850" endtime="20240223 15:27:54.850"/>
</kw>
<kw name="Sleep" library="BuiltIn">
<arg>2</arg>
<doc>Pauses the test executed for the given time.</doc>
<status status="NOT RUN" starttime="20240223 15:27:54.851" endtime="20240223 15:27:54.851"/>
</kw>
<kw name="Click Element" library="SeleniumLibrary">
<arg>//*[@id='application-details-tab-history']</arg>
<doc>Click the element identified by ``locator``.</doc>
<status status="NOT RUN" starttime="20240223 15:27:54.851" endtime="20240223 15:27:54.851"/>
</kw>
<kw name="Sleep" library="BuiltIn">
<arg>2</arg>
<doc>Pauses the test executed for the given time.</doc>
<status status="NOT RUN" starttime="20240223 15:27:54.851" endtime="20240223 15:27:54.851"/>
</kw>
<kw name="Click Element" library="SeleniumLibrary">
<arg>//*[@id='application-details-tab-process-diagram']</arg>
<doc>Click the element identified by ``locator``.</doc>
<status status="NOT RUN" starttime="20240223 15:27:54.851" endtime="20240223 15:27:54.851"/>
</kw>
<kw name="Log To Console" library="BuiltIn">
<arg>History and diagram displayed</arg>
<doc>Logs the given message to the console.</doc>
<status status="NOT RUN" starttime="20240223 15:27:54.852" endtime="20240223 15:27:54.852"/>
</kw>
<status status="FAIL" starttime="20240223 15:27:53.162" endtime="20240223 15:27:54.852"/>
</kw>
<status status="FAIL" starttime="20240223 15:26:58.285" endtime="20240223 15:27:54.853">ElementClickInterceptedException: Message: element click intercepted: Element &lt;span class="navbar-toggler-icon"&gt;&lt;/span&gt; is not clickable at point (724, 24). Other element would receive the click: &lt;div id="gb277zxg2" class="Toastify__toast Toastify__toast--success"&gt;...&lt;/div&gt;
  (Session info: chrome-headless-shell=121.0.6167.185)
Stacktrace:
	GetHandleVerifier [0x00007FF74A5B5E42+3538674]
	(No symbol) [0x00007FF74A1D4C02]
	(No symbol) [0x00007FF74A085AEB]
	(No symbol) [0x00007FF74A0D33E4]
	(No symbol) [0x00007FF74A0D1122]
	(No symbol) [0x00007FF74A0CE884]
	(No symbol) [0x00007FF74A0CD5A9]
	(No symbol) [0x00007FF74A0C1950]
	(No symbol) [0x00007FF74A0EF0AA]
	(No symbol) [0x00007FF74A0C124A]
	(No symbol) [0x00007FF74A0EF2C0]
	(No symbol) [0x00007FF74A10BDE3]
	(No symbol) [0x00007FF74A0EEE53]
	(No symbol) [0x00007FF74A0BF514]
	(No symbol) [0x00007FF74A0C0631]
	GetHandleVerifier [0x00007FF74A5E6CAD+3738973]
	GetHandleVerifier [0x00007FF74A63C506+4089270]
	GetHandleVerifier [0x00007FF74A634823+4057299]
	GetHandleVerifier [0x00007FF74A305C49+720121]
	(No symbol) [0x00007FF74A1E126F]
	(No symbol) [0x00007FF74A1DC304]
	(No symbol) [0x00007FF74A1DC432]
	(No symbol) [0x00007FF74A1CBD04]
	BaseThreadInitThunk [0x00007FFE13037344+20]
	RtlUserThreadStart [0x00007FFE14BC26B1+33]
</status>
</test>
<kw name="Close Browser" library="SeleniumLibrary" type="TEARDOWN">
<doc>Closes the current browser.</doc>
<status status="PASS" starttime="20240223 15:27:54.860" endtime="20240223 15:27:56.974"/>
</kw>
<doc>Fill Business form as client.</doc>
<status status="FAIL" starttime="20240223 15:26:57.808" endtime="20240223 15:27:56.975"/>
</suite>
<statistics>
<total>
<stat pass="0" fail="1" skip="0">All Tests</stat>
</total>
<tag>
</tag>
<suite>
<stat pass="0" fail="1" skip="0" id="s1" name="Fill Businessformclient">Fill Businessformclient</stat>
</suite>
</statistics>
<errors>
</errors>
</robot>
