<?xml version="1.0" encoding="UTF-8"?>
<robot generator="Robot 6.1 (Python 3.11.4 on win32)" generated="20240212 10:32:48.267" rpa="false" schemaversion="4">
<suite id="s1" name="AdminPermissions" source="D:\updated_develop\forms-flow-ai-automation-testing\Formsflow-RobotFramework\test-cases\AdminPermissions.robot">
<test id="s1-t1" name="Dashboard Permissions" line="18">
<kw name="Open chrome Browser and goto QAbundle instance" library="Generic" type="SETUP">
<kw name="Open Browser" library="SeleniumLibrary">
<arg>${url}</arg>
<arg>browser=chrome</arg>
<arg>options=add_argument("--headless")</arg>
<doc>Opens a new browser instance to the optional ``url``.</doc>
<msg timestamp="20240212 10:32:48.411" level="INFO">Opening browser 'chrome' to base url 'https://forms-flow-web-qaee.aot-technologies.com/'.</msg>
<status status="PASS" starttime="20240212 10:32:48.411" endtime="20240212 10:32:58.996"/>
</kw>
<kw name="Maximize Browser Window" library="SeleniumLibrary">
<doc>Maximizes current browser window.</doc>
<status status="PASS" starttime="20240212 10:32:58.996" endtime="20240212 10:32:59.115"/>
</kw>
<status status="PASS" starttime="20240212 10:32:48.411" endtime="20240212 10:32:59.115"/>
</kw>
<kw name="Login To QA Instance" library="Generic">
<arg>${username}</arg>
<kw name="Sleep" library="BuiltIn">
<arg>5</arg>
<doc>Pauses the test executed for the given time.</doc>
<msg timestamp="20240212 10:33:04.123" level="INFO">Slept 5 seconds</msg>
<status status="PASS" starttime="20240212 10:32:59.122" endtime="20240212 10:33:04.123"/>
</kw>
<kw name="Input Text" library="SeleniumLibrary">
<arg>${enter_username}</arg>
<arg>${username}</arg>
<doc>Types the given ``text`` into the text field identified by ``locator``.</doc>
<msg timestamp="20240212 10:33:04.123" level="INFO">Typing text 'john.honai' into text field '//*[@id="username"]'.</msg>
<status status="PASS" starttime="20240212 10:33:04.123" endtime="20240212 10:33:04.295"/>
</kw>
<kw name="Input Password" library="SeleniumLibrary">
<arg>${enter_password}</arg>
<arg>${password}</arg>
<doc>Types the given password into the text field identified by ``locator``.</doc>
<msg timestamp="20240212 10:33:04.295" level="INFO">Typing password into text field '//*[@id="password"]'.</msg>
<msg timestamp="20240212 10:33:04.364" level="INFO">Temporally setting log level to: NONE</msg>
<msg timestamp="20240212 10:33:04.467" level="INFO">Log level changed from NONE to INFO.</msg>
<status status="PASS" starttime="20240212 10:33:04.295" endtime="20240212 10:33:04.467"/>
</kw>
<kw name="Click Button" library="SeleniumLibrary">
<arg>${login}</arg>
<doc>Clicks the button identified by ``locator``.</doc>
<msg timestamp="20240212 10:33:04.476" level="INFO">Clicking button '//*[@id="kc-login"]'.</msg>
<status status="PASS" starttime="20240212 10:33:04.475" endtime="20240212 10:33:06.567"/>
</kw>
<kw name="Maximize Browser Window" library="SeleniumLibrary">
<doc>Maximizes current browser window.</doc>
<status status="PASS" starttime="20240212 10:33:06.567" endtime="20240212 10:33:06.572"/>
</kw>
<kw name="Sleep" library="BuiltIn">
<arg>5</arg>
<doc>Pauses the test executed for the given time.</doc>
<msg timestamp="20240212 10:33:11.572" level="INFO">Slept 5 seconds</msg>
<status status="PASS" starttime="20240212 10:33:06.572" endtime="20240212 10:33:11.572"/>
</kw>
<status status="PASS" starttime="20240212 10:32:59.121" endtime="20240212 10:33:11.572"/>
</kw>
<kw name="Basic Dashboard Permissions" library="AdminPageDashboard">
<kw name="Sleep" library="BuiltIn">
<arg>10</arg>
<doc>Pauses the test executed for the given time.</doc>
<msg timestamp="20240212 10:33:21.572" level="INFO">Slept 10 seconds</msg>
<status status="PASS" starttime="20240212 10:33:11.572" endtime="20240212 10:33:21.573"/>
</kw>
<kw name="Click Element" library="SeleniumLibrary">
<arg>//span[@class='navbar-toggler-icon']</arg>
<doc>Click the element identified by ``locator``.</doc>
<msg timestamp="20240212 10:33:21.573" level="INFO">Clicking element '//span[@class='navbar-toggler-icon']'.</msg>
<status status="PASS" starttime="20240212 10:33:21.573" endtime="20240212 10:33:21.626"/>
</kw>
<kw name="Click Element" library="SeleniumLibrary">
<arg>//a[@data-testid='admin-nav-link']</arg>
<doc>Click the element identified by ``locator``.</doc>
<msg timestamp="20240212 10:33:21.626" level="INFO">Clicking element '//a[@data-testid='admin-nav-link']'.</msg>
<status status="PASS" starttime="20240212 10:33:21.626" endtime="20240212 10:33:21.698"/>
</kw>
<kw name="Sleep" library="BuiltIn">
<arg>3</arg>
<doc>Pauses the test executed for the given time.</doc>
<msg timestamp="20240212 10:33:24.699" level="INFO">Slept 3 seconds</msg>
<status status="PASS" starttime="20240212 10:33:21.698" endtime="20240212 10:33:24.699"/>
</kw>
<kw name="Page Should Contain" library="SeleniumLibrary">
<arg>Dashboard</arg>
<doc>Verifies that current page contains ``text``.</doc>
<msg timestamp="20240212 10:33:24.724" level="INFO">Current page contains text 'Dashboard'.</msg>
<status status="PASS" starttime="20240212 10:33:24.699" endtime="20240212 10:33:24.724"/>
</kw>
<kw name="Click Button" library="SeleniumLibrary">
<arg>//*[@data-testid="0"]</arg>
<doc>Clicks the button identified by ``locator``.</doc>
<msg timestamp="20240212 10:33:24.724" level="INFO">Clicking button '//*[@data-testid="0"]'.</msg>
<status status="PASS" starttime="20240212 10:33:24.724" endtime="20240212 10:33:24.809"/>
</kw>
<kw name="Sleep" library="BuiltIn">
<arg>2</arg>
<doc>Pauses the test executed for the given time.</doc>
<msg timestamp="20240212 10:33:26.810" level="INFO">Slept 2 seconds</msg>
<status status="PASS" starttime="20240212 10:33:24.809" endtime="20240212 10:33:26.810"/>
</kw>
<kw name="Get Text" library="SeleniumLibrary">
<var>${popup_message}</var>
<arg>xpath=//div[@class='role']</arg>
<doc>Returns the text value of the element identified by ``locator``.</doc>
<msg timestamp="20240212 10:33:26.847" level="INFO">${popup_message} = /formsflow-analytics/group4</msg>
<status status="PASS" starttime="20240212 10:33:26.810" endtime="20240212 10:33:26.847"/>
</kw>
<kw name="Run Keyword If" library="BuiltIn">
<arg>'${popup_message}' == '${AccessToAll}'</arg>
<arg>Checking if the groups are already added</arg>
<arg>ELSE</arg>
<arg>Adding a new Group</arg>
<doc>Runs the given keyword with the given arguments, if ``condition`` is true.</doc>
<kw name="Adding a new Group" library="AdminPageDashboard">
<kw name="Click Element" library="SeleniumLibrary">
<arg>//div[@data-testid='dashboard-remaining-group-0']</arg>
<doc>Click the element identified by ``locator``.</doc>
<msg timestamp="20240212 10:33:26.847" level="INFO">Clicking element '//div[@data-testid='dashboard-remaining-group-0']'.</msg>
<status status="PASS" starttime="20240212 10:33:26.847" endtime="20240212 10:33:26.918"/>
</kw>
<kw name="Sleep" library="BuiltIn">
<arg>20</arg>
<doc>Pauses the test executed for the given time.</doc>
<msg timestamp="20240212 10:33:46.925" level="INFO">Slept 20 seconds</msg>
<status status="PASS" starttime="20240212 10:33:26.918" endtime="20240212 10:33:46.925"/>
</kw>
<kw name="Element Should Be Visible" library="SeleniumLibrary">
<arg>//div[contains(text(),'Update success!')]</arg>
<doc>Verifies that the element identified by ``locator`` is visible.</doc>
<msg timestamp="20240212 10:33:47.054" level="INFO" html="true">&lt;/td&gt;&lt;/tr&gt;&lt;tr&gt;&lt;td colspan="3"&gt;&lt;a href="selenium-screenshot-43.png"&gt;&lt;img src="selenium-screenshot-43.png" width="800px"&gt;&lt;/a&gt;</msg>
<msg timestamp="20240212 10:33:47.054" level="FAIL">Element with locator '//div[contains(text(),'Update success!')]' not found.</msg>
<status status="FAIL" starttime="20240212 10:33:46.925" endtime="20240212 10:33:47.054"/>
</kw>
<kw name="Log To Console" library="BuiltIn">
<arg>Added a new group in the dashboard</arg>
<doc>Logs the given message to the console.</doc>
<status status="NOT RUN" starttime="20240212 10:33:47.054" endtime="20240212 10:33:47.054"/>
</kw>
<kw name="Sleep" library="BuiltIn">
<arg>3</arg>
<doc>Pauses the test executed for the given time.</doc>
<status status="NOT RUN" starttime="20240212 10:33:47.054" endtime="20240212 10:33:47.054"/>
</kw>
<status status="FAIL" starttime="20240212 10:33:26.847" endtime="20240212 10:33:47.054"/>
</kw>
<status status="FAIL" starttime="20240212 10:33:26.847" endtime="20240212 10:33:47.054"/>
</kw>
<status status="FAIL" starttime="20240212 10:33:11.572" endtime="20240212 10:33:47.054"/>
</kw>
<kw name="Check for Assigned Dashboard" library="InsightsPage">
<status status="NOT RUN" starttime="20240212 10:33:47.062" endtime="20240212 10:33:47.062"/>
</kw>
<kw name="Remove a group from Dashboard" library="AdminPageDashboard">
<status status="NOT RUN" starttime="20240212 10:33:47.062" endtime="20240212 10:33:47.062"/>
</kw>
<kw name="Close Browser" library="SeleniumLibrary" type="TEARDOWN">
<doc>Closes the current browser.</doc>
<status status="PASS" starttime="20240212 10:33:47.064" endtime="20240212 10:33:49.164"/>
</kw>
<tag>dashboard</tag>
<status status="FAIL" starttime="20240212 10:32:48.411" endtime="20240212 10:33:49.165">Element with locator '//div[contains(text(),'Update success!')]' not found.</status>
</test>
<test id="s1-t2" name="Roles Creation Page permissions" line="26">
<kw name="Open chrome Browser and goto QAbundle instance" library="Generic" type="SETUP">
<kw name="Open Browser" library="SeleniumLibrary">
<arg>${url}</arg>
<arg>browser=chrome</arg>
<arg>options=add_argument("--headless")</arg>
<doc>Opens a new browser instance to the optional ``url``.</doc>
<msg timestamp="20240212 10:33:49.165" level="INFO">Opening browser 'chrome' to base url 'https://forms-flow-web-qaee.aot-technologies.com/'.</msg>
<status status="PASS" starttime="20240212 10:33:49.165" endtime="20240212 10:33:57.025"/>
</kw>
<kw name="Maximize Browser Window" library="SeleniumLibrary">
<doc>Maximizes current browser window.</doc>
<status status="PASS" starttime="20240212 10:33:57.025" endtime="20240212 10:33:57.139"/>
</kw>
<status status="PASS" starttime="20240212 10:33:49.165" endtime="20240212 10:33:57.139"/>
</kw>
<kw name="Login To QA Instance" library="Generic">
<arg>${username}</arg>
<kw name="Sleep" library="BuiltIn">
<arg>5</arg>
<doc>Pauses the test executed for the given time.</doc>
<msg timestamp="20240212 10:34:02.139" level="INFO">Slept 5 seconds</msg>
<status status="PASS" starttime="20240212 10:33:57.139" endtime="20240212 10:34:02.139"/>
</kw>
<kw name="Input Text" library="SeleniumLibrary">
<arg>${enter_username}</arg>
<arg>${username}</arg>
<doc>Types the given ``text`` into the text field identified by ``locator``.</doc>
<msg timestamp="20240212 10:34:02.139" level="INFO">Typing text 'john.honai' into text field '//*[@id="username"]'.</msg>
<status status="PASS" starttime="20240212 10:34:02.139" endtime="20240212 10:34:02.324"/>
</kw>
<kw name="Input Password" library="SeleniumLibrary">
<arg>${enter_password}</arg>
<arg>${password}</arg>
<doc>Types the given password into the text field identified by ``locator``.</doc>
<msg timestamp="20240212 10:34:02.324" level="INFO">Typing password into text field '//*[@id="password"]'.</msg>
<msg timestamp="20240212 10:34:02.401" level="INFO">Temporally setting log level to: NONE</msg>
<msg timestamp="20240212 10:34:02.517" level="INFO">Log level changed from NONE to INFO.</msg>
<status status="PASS" starttime="20240212 10:34:02.324" endtime="20240212 10:34:02.517"/>
</kw>
<kw name="Click Button" library="SeleniumLibrary">
<arg>${login}</arg>
<doc>Clicks the button identified by ``locator``.</doc>
<msg timestamp="20240212 10:34:02.517" level="INFO">Clicking button '//*[@id="kc-login"]'.</msg>
<status status="PASS" starttime="20240212 10:34:02.517" endtime="20240212 10:34:04.397"/>
</kw>
<kw name="Maximize Browser Window" library="SeleniumLibrary">
<doc>Maximizes current browser window.</doc>
<status status="PASS" starttime="20240212 10:34:04.397" endtime="20240212 10:34:04.397"/>
</kw>
<kw name="Sleep" library="BuiltIn">
<arg>5</arg>
<doc>Pauses the test executed for the given time.</doc>
<msg timestamp="20240212 10:34:09.398" level="INFO">Slept 5 seconds</msg>
<status status="PASS" starttime="20240212 10:34:04.397" endtime="20240212 10:34:09.398"/>
</kw>
<status status="PASS" starttime="20240212 10:33:57.139" endtime="20240212 10:34:09.398"/>
</kw>
<kw name="Roles Creation" library="AdminPageRoles">
<kw name="Click on Roles" library="AdminPageRoles">
<kw name="Sleep" library="BuiltIn">
<arg>10</arg>
<doc>Pauses the test executed for the given time.</doc>
<msg timestamp="20240212 10:34:19.400" level="INFO">Slept 10 seconds</msg>
<status status="PASS" starttime="20240212 10:34:09.398" endtime="20240212 10:34:19.400"/>
</kw>
<kw name="Click Element" library="SeleniumLibrary">
<arg>//span[@class='navbar-toggler-icon']</arg>
<doc>Click the element identified by ``locator``.</doc>
<msg timestamp="20240212 10:34:19.402" level="INFO">Clicking element '//span[@class='navbar-toggler-icon']'.</msg>
<status status="PASS" starttime="20240212 10:34:19.401" endtime="20240212 10:34:19.487"/>
</kw>
<kw name="Click Element" library="SeleniumLibrary">
<arg>//a[@data-testid='admin-nav-link']</arg>
<doc>Click the element identified by ``locator``.</doc>
<msg timestamp="20240212 10:34:19.488" level="INFO">Clicking element '//a[@data-testid='admin-nav-link']'.</msg>
<status status="PASS" starttime="20240212 10:34:19.488" endtime="20240212 10:34:19.563"/>
</kw>
<kw name="Sleep" library="BuiltIn">
<arg>3</arg>
<doc>Pauses the test executed for the given time.</doc>
<msg timestamp="20240212 10:34:22.565" level="INFO">Slept 3 seconds</msg>
<status status="PASS" starttime="20240212 10:34:19.563" endtime="20240212 10:34:22.565"/>
</kw>
<kw name="Click Element" library="SeleniumLibrary">
<arg>//*[@data-testid="application-text-1"]</arg>
<doc>Click the element identified by ``locator``.</doc>
<msg timestamp="20240212 10:34:22.565" level="INFO">Clicking element '//*[@data-testid="application-text-1"]'.</msg>
<status status="PASS" starttime="20240212 10:34:22.565" endtime="20240212 10:34:22.650"/>
</kw>
<kw name="Sleep" library="BuiltIn">
<arg>2</arg>
<doc>Pauses the test executed for the given time.</doc>
<msg timestamp="20240212 10:34:24.650" level="INFO">Slept 2 seconds</msg>
<status status="PASS" starttime="20240212 10:34:22.650" endtime="20240212 10:34:24.650"/>
</kw>
<status status="PASS" starttime="20240212 10:34:09.398" endtime="20240212 10:34:24.650"/>
</kw>
<kw name="Click Button" library="SeleniumLibrary">
<arg>//button[@data-testid="roles-create-new-role-button"]</arg>
<doc>Clicks the button identified by ``locator``.</doc>
<msg timestamp="20240212 10:34:24.650" level="INFO">Clicking button '//button[@data-testid="roles-create-new-role-button"]'.</msg>
<status status="PASS" starttime="20240212 10:34:24.650" endtime="20240212 10:34:24.797"/>
</kw>
<kw name="Get Text" library="SeleniumLibrary">
<var>${Create role}</var>
<arg>//div[@class='modal-header']</arg>
<doc>Returns the text value of the element identified by ``locator``.</doc>
<msg timestamp="20240212 10:34:24.830" level="INFO">${Create role} = Create Role</msg>
<status status="PASS" starttime="20240212 10:34:24.797" endtime="20240212 10:34:24.830"/>
</kw>
<kw name="Should Be Equal" library="BuiltIn">
<arg>${Create role}</arg>
<arg>${Create newrole}</arg>
<doc>Fails if the given objects are unequal.</doc>
<status status="PASS" starttime="20240212 10:34:24.830" endtime="20240212 10:34:24.830"/>
</kw>
<kw name="Sleep" library="BuiltIn">
<arg>2</arg>
<doc>Pauses the test executed for the given time.</doc>
<msg timestamp="20240212 10:34:26.831" level="INFO">Slept 2 seconds</msg>
<status status="PASS" starttime="20240212 10:34:24.830" endtime="20240212 10:34:26.831"/>
</kw>
<kw name="Input Text" library="SeleniumLibrary">
<arg>//input[@id='role-name']</arg>
<arg>${New role}</arg>
<doc>Types the given ``text`` into the text field identified by ``locator``.</doc>
<msg timestamp="20240212 10:34:26.831" level="INFO">Typing text 'Automation-TestRole' into text field '//input[@id='role-name']'.</msg>
<status status="PASS" starttime="20240212 10:34:26.831" endtime="20240212 10:34:27.129"/>
</kw>
<kw name="Element Should Be Disabled" library="SeleniumLibrary">
<arg>//button[@data-testid="create-new-role-modal-submit-button"]</arg>
<doc>Verifies that element identified by ``locator`` is disabled.</doc>
<status status="PASS" starttime="20240212 10:34:27.129" endtime="20240212 10:34:27.162"/>
</kw>
<kw name="Input Text" library="SeleniumLibrary">
<arg>//textarea[@id='role-description']</arg>
<arg>${Description}</arg>
<doc>Types the given ``text`` into the text field identified by ``locator``.</doc>
<msg timestamp="20240212 10:34:27.163" level="INFO">Typing text 'This role is for testing new role creation with Robot Frame work' into text field '//textarea[@id='role-description']'.</msg>
<status status="PASS" starttime="20240212 10:34:27.162" endtime="20240212 10:34:27.515"/>
</kw>
<kw name="Click Button" library="SeleniumLibrary">
<arg>//button[@data-testid="create-new-role-modal-submit-button"]</arg>
<doc>Clicks the button identified by ``locator``.</doc>
<msg timestamp="20240212 10:34:27.522" level="INFO">Clicking button '//button[@data-testid="create-new-role-modal-submit-button"]'.</msg>
<status status="PASS" starttime="20240212 10:34:27.515" endtime="20240212 10:34:27.590"/>
</kw>
<kw name="Wait Until Element Is Visible" library="SeleniumLibrary">
<arg>//div[contains(text(),'Role created successfully!')]</arg>
<doc>Waits until the element ``locator`` is visible.</doc>
<status status="PASS" starttime="20240212 10:34:27.591" endtime="20240212 10:34:28.277"/>
</kw>
<kw name="Sleep" library="BuiltIn">
<arg>3</arg>
<doc>Pauses the test executed for the given time.</doc>
<msg timestamp="20240212 10:34:31.277" level="INFO">Slept 3 seconds</msg>
<status status="PASS" starttime="20240212 10:34:28.277" endtime="20240212 10:34:31.277"/>
</kw>
<status status="PASS" starttime="20240212 10:34:09.398" endtime="20240212 10:34:31.277"/>
</kw>
<kw name="Duplicate role" library="AdminPageRoles">
<kw name="Sleep" library="BuiltIn">
<arg>2</arg>
<doc>Pauses the test executed for the given time.</doc>
<msg timestamp="20240212 10:34:33.278" level="INFO">Slept 2 seconds</msg>
<status status="PASS" starttime="20240212 10:34:31.278" endtime="20240212 10:34:33.278"/>
</kw>
<kw name="Click Button" library="SeleniumLibrary">
<arg>//button[@data-testid="roles-create-new-role-button"]</arg>
<doc>Clicks the button identified by ``locator``.</doc>
<msg timestamp="20240212 10:34:33.278" level="INFO">Clicking button '//button[@data-testid="roles-create-new-role-button"]'.</msg>
<status status="PASS" starttime="20240212 10:34:33.278" endtime="20240212 10:34:33.363"/>
</kw>
<kw name="Get Text" library="SeleniumLibrary">
<var>${Create role}</var>
<arg>//div[@class='modal-header']</arg>
<doc>Returns the text value of the element identified by ``locator``.</doc>
<msg timestamp="20240212 10:34:33.389" level="INFO">${Create role} = Create Role</msg>
<status status="PASS" starttime="20240212 10:34:33.363" endtime="20240212 10:34:33.389"/>
</kw>
<kw name="Should Be Equal" library="BuiltIn">
<arg>${Create role}</arg>
<arg>${Create newrole}</arg>
<doc>Fails if the given objects are unequal.</doc>
<status status="PASS" starttime="20240212 10:34:33.389" endtime="20240212 10:34:33.389"/>
</kw>
<kw name="Sleep" library="BuiltIn">
<arg>2</arg>
<doc>Pauses the test executed for the given time.</doc>
<msg timestamp="20240212 10:34:35.389" level="INFO">Slept 2 seconds</msg>
<status status="PASS" starttime="20240212 10:34:33.389" endtime="20240212 10:34:35.389"/>
</kw>
<kw name="Input Text" library="SeleniumLibrary">
<arg>//input[@id='role-name']</arg>
<arg>${DefaultRole}</arg>
<doc>Types the given ``text`` into the text field identified by ``locator``.</doc>
<msg timestamp="20240212 10:34:35.389" level="INFO">Typing text 'camunda-admin' into text field '//input[@id='role-name']'.</msg>
<status status="PASS" starttime="20240212 10:34:35.389" endtime="20240212 10:34:35.535"/>
</kw>
<kw name="Element Should Be Disabled" library="SeleniumLibrary">
<arg>//button[@type='submit']</arg>
<doc>Verifies that element identified by ``locator`` is disabled.</doc>
<status status="PASS" starttime="20240212 10:34:35.535" endtime="20240212 10:34:35.556"/>
</kw>
<kw name="Input Text" library="SeleniumLibrary">
<arg>//textarea[@id='role-description']</arg>
<arg>${Description}</arg>
<doc>Types the given ``text`` into the text field identified by ``locator``.</doc>
<msg timestamp="20240212 10:34:35.556" level="INFO">Typing text 'This role is for testing new role creation with Robot Frame work' into text field '//textarea[@id='role-description']'.</msg>
<status status="PASS" starttime="20240212 10:34:35.556" endtime="20240212 10:34:35.784"/>
</kw>
<kw name="Click Button" library="SeleniumLibrary">
<arg>//button[@data-testid="create-new-role-modal-submit-button"]</arg>
<doc>Clicks the button identified by ``locator``.</doc>
<msg timestamp="20240212 10:34:35.784" level="INFO">Clicking button '//button[@data-testid="create-new-role-modal-submit-button"]'.</msg>
<status status="PASS" starttime="20240212 10:34:35.784" endtime="20240212 10:34:35.845"/>
</kw>
<kw name="Sleep" library="BuiltIn">
<arg>2</arg>
<doc>Pauses the test executed for the given time.</doc>
<msg timestamp="20240212 10:34:37.846" level="INFO">Slept 2 seconds</msg>
<status status="PASS" starttime="20240212 10:34:35.845" endtime="20240212 10:34:37.846"/>
</kw>
<kw name="Element Should Be Visible" library="SeleniumLibrary">
<arg>//div[contains(text(),'Failed to create role!')]</arg>
<doc>Verifies that the element identified by ``locator`` is visible.</doc>
<msg timestamp="20240212 10:34:37.884" level="INFO">Element '//div[contains(text(),'Failed to create role!')]' is displayed.</msg>
<status status="PASS" starttime="20240212 10:34:37.846" endtime="20240212 10:34:37.884"/>
</kw>
<kw name="Sleep" library="BuiltIn">
<arg>2</arg>
<doc>Pauses the test executed for the given time.</doc>
<msg timestamp="20240212 10:34:39.886" level="INFO">Slept 2 seconds</msg>
<status status="PASS" starttime="20240212 10:34:37.884" endtime="20240212 10:34:39.886"/>
</kw>
<kw name="Click Element" library="SeleniumLibrary">
<arg>//button[@data-testid="create-new-role-modal-cancel-button"]</arg>
<doc>Click the element identified by ``locator``.</doc>
<msg timestamp="20240212 10:34:39.886" level="INFO">Clicking element '//button[@data-testid="create-new-role-modal-cancel-button"]'.</msg>
<status status="PASS" starttime="20240212 10:34:39.886" endtime="20240212 10:34:39.942"/>
</kw>
<kw name="Sleep" library="BuiltIn">
<arg>3</arg>
<doc>Pauses the test executed for the given time.</doc>
<msg timestamp="20240212 10:34:42.943" level="INFO">Slept 3 seconds</msg>
<status status="PASS" starttime="20240212 10:34:39.942" endtime="20240212 10:34:42.943"/>
</kw>
<kw name="Log To Console" library="BuiltIn">
<arg>Not able to create duplicate roles.</arg>
<doc>Logs the given message to the console.</doc>
<status status="PASS" starttime="20240212 10:34:42.943" endtime="20240212 10:34:42.943"/>
</kw>
<status status="PASS" starttime="20240212 10:34:31.278" endtime="20240212 10:34:42.943"/>
</kw>
<kw name="Searching for default user" library="AdminPageRoles">
<kw name="Input Text" library="SeleniumLibrary">
<arg>//input[@data-testid="search-role-input"]</arg>
<arg>${DefaultRole}</arg>
<doc>Types the given ``text`` into the text field identified by ``locator``.</doc>
<msg timestamp="20240212 10:34:42.943" level="INFO">Typing text 'camunda-admin' into text field '//input[@data-testid="search-role-input"]'.</msg>
<status status="PASS" starttime="20240212 10:34:42.943" endtime="20240212 10:34:43.111"/>
</kw>
<kw name="Sleep" library="BuiltIn">
<arg>4</arg>
<doc>Pauses the test executed for the given time.</doc>
<msg timestamp="20240212 10:34:47.111" level="INFO">Slept 4 seconds</msg>
<status status="PASS" starttime="20240212 10:34:43.111" endtime="20240212 10:34:47.111"/>
</kw>
<kw name="Page Should Contain" library="SeleniumLibrary">
<arg>${DefaultRole}</arg>
<doc>Verifies that current page contains ``text``.</doc>
<msg timestamp="20240212 10:34:47.131" level="INFO">Current page contains text 'camunda-admin'.</msg>
<status status="PASS" starttime="20240212 10:34:47.111" endtime="20240212 10:34:47.131"/>
</kw>
<kw name="Element Should Not Be Visible" library="SeleniumLibrary">
<arg>//i[@data-testid="admin-roles-delete-icon"]</arg>
<doc>Verifies that the element identified by ``locator`` is NOT visible.</doc>
<msg timestamp="20240212 10:34:47.142" level="INFO">Element '//i[@data-testid="admin-roles-delete-icon"]' did not exist.</msg>
<status status="PASS" starttime="20240212 10:34:47.131" endtime="20240212 10:34:47.143"/>
</kw>
<kw name="Sleep" library="BuiltIn">
<arg>2</arg>
<doc>Pauses the test executed for the given time.</doc>
<msg timestamp="20240212 10:34:49.143" level="INFO">Slept 2 seconds</msg>
<status status="PASS" starttime="20240212 10:34:47.143" endtime="20240212 10:34:49.143"/>
</kw>
<kw name="Element Should Not Be Visible" library="SeleniumLibrary">
<arg>//i[@data-testid="admin-roles-edit-icon"]</arg>
<doc>Verifies that the element identified by ``locator`` is NOT visible.</doc>
<msg timestamp="20240212 10:34:49.160" level="INFO">Element '//i[@data-testid="admin-roles-edit-icon"]' did not exist.</msg>
<status status="PASS" starttime="20240212 10:34:49.143" endtime="20240212 10:34:49.160"/>
</kw>
<kw name="Click Element" library="SeleniumLibrary">
<arg>//div[@data-testid="user-list-view-dropdown"]</arg>
<doc>Click the element identified by ``locator``.</doc>
<msg timestamp="20240212 10:34:49.160" level="INFO">Clicking element '//div[@data-testid="user-list-view-dropdown"]'.</msg>
<status status="PASS" starttime="20240212 10:34:49.160" endtime="20240212 10:34:49.224"/>
</kw>
<kw name="Sleep" library="BuiltIn">
<arg>2</arg>
<doc>Pauses the test executed for the given time.</doc>
<msg timestamp="20240212 10:34:51.225" level="INFO">Slept 2 seconds</msg>
<status status="PASS" starttime="20240212 10:34:49.224" endtime="20240212 10:34:51.225"/>
</kw>
<kw name="Element Should Be Visible" library="SeleniumLibrary">
<arg>//div[@class='role-list']/div[@class='role-user']</arg>
<doc>Verifies that the element identified by ``locator`` is visible.</doc>
<msg timestamp="20240212 10:34:51.241" level="INFO">Element '//div[@class='role-list']/div[@class='role-user']' is displayed.</msg>
<status status="PASS" starttime="20240212 10:34:51.225" endtime="20240212 10:34:51.241"/>
</kw>
<kw name="Sleep" library="BuiltIn">
<arg>3</arg>
<doc>Pauses the test executed for the given time.</doc>
<msg timestamp="20240212 10:34:54.241" level="INFO">Slept 3 seconds</msg>
<status status="PASS" starttime="20240212 10:34:51.241" endtime="20240212 10:34:54.241"/>
</kw>
<kw name="Click Button" library="SeleniumLibrary">
<arg>//button[@data-testid="clear-role-search-button"]</arg>
<doc>Clicks the button identified by ``locator``.</doc>
<msg timestamp="20240212 10:34:54.241" level="INFO">Clicking button '//button[@data-testid="clear-role-search-button"]'.</msg>
<status status="PASS" starttime="20240212 10:34:54.241" endtime="20240212 10:34:54.305"/>
</kw>
<status status="PASS" starttime="20240212 10:34:42.943" endtime="20240212 10:34:54.305"/>
</kw>
<kw name="Search for invalid rolename" library="AdminPageRoles">
<kw name="Sleep" library="BuiltIn">
<arg>3</arg>
<doc>Pauses the test executed for the given time.</doc>
<msg timestamp="20240212 10:34:57.306" level="INFO">Slept 3 seconds</msg>
<status status="PASS" starttime="20240212 10:34:54.305" endtime="20240212 10:34:57.306"/>
</kw>
<kw name="Input Text" library="SeleniumLibrary">
<arg>//input[@data-testid="search-role-input"]</arg>
<arg>${Invalid role}</arg>
<doc>Types the given ``text`` into the text field identified by ``locator``.</doc>
<msg timestamp="20240212 10:34:57.306" level="INFO">Typing text 'Automation#Test(Role)' into text field '//input[@data-testid="search-role-input"]'.</msg>
<status status="PASS" starttime="20240212 10:34:57.306" endtime="20240212 10:34:57.471"/>
</kw>
<kw name="Sleep" library="BuiltIn">
<arg>2</arg>
<doc>Pauses the test executed for the given time.</doc>
<msg timestamp="20240212 10:34:59.472" level="INFO">Slept 2 seconds</msg>
<status status="PASS" starttime="20240212 10:34:57.471" endtime="20240212 10:34:59.472"/>
</kw>
<kw name="Page Should Contain" library="SeleniumLibrary">
<arg>${Not found}</arg>
<doc>Verifies that current page contains ``text``.</doc>
<msg timestamp="20240212 10:34:59.495" level="INFO">Current page contains text 'No data Found'.</msg>
<status status="PASS" starttime="20240212 10:34:59.472" endtime="20240212 10:34:59.495"/>
</kw>
<kw name="Click Button" library="SeleniumLibrary">
<arg>//button[@data-testid="clear-role-search-button"]</arg>
<doc>Clicks the button identified by ``locator``.</doc>
<msg timestamp="20240212 10:34:59.495" level="INFO">Clicking button '//button[@data-testid="clear-role-search-button"]'.</msg>
<status status="PASS" starttime="20240212 10:34:59.495" endtime="20240212 10:34:59.559"/>
</kw>
<status status="PASS" starttime="20240212 10:34:54.305" endtime="20240212 10:34:59.559"/>
</kw>
<kw name="Search for created Role" library="AdminPageRoles">
<kw name="Sleep" library="BuiltIn">
<arg>3</arg>
<doc>Pauses the test executed for the given time.</doc>
<msg timestamp="20240212 10:35:02.559" level="INFO">Slept 3 seconds</msg>
<status status="PASS" starttime="20240212 10:34:59.559" endtime="20240212 10:35:02.559"/>
</kw>
<kw name="Input Text" library="SeleniumLibrary">
<arg>//input[@data-testid="search-role-input"]</arg>
<arg>${New role}</arg>
<doc>Types the given ``text`` into the text field identified by ``locator``.</doc>
<msg timestamp="20240212 10:35:02.560" level="INFO">Typing text 'Automation-TestRole' into text field '//input[@data-testid="search-role-input"]'.</msg>
<status status="PASS" starttime="20240212 10:35:02.560" endtime="20240212 10:35:02.691"/>
</kw>
<kw name="Sleep" library="BuiltIn">
<arg>2</arg>
<doc>Pauses the test executed for the given time.</doc>
<msg timestamp="20240212 10:35:04.691" level="INFO">Slept 2 seconds</msg>
<status status="PASS" starttime="20240212 10:35:02.691" endtime="20240212 10:35:04.691"/>
</kw>
<kw name="Page Should Contain" library="SeleniumLibrary">
<arg>${New role}</arg>
<doc>Verifies that current page contains ``text``.</doc>
<msg timestamp="20240212 10:35:04.722" level="INFO">Current page contains text 'Automation-TestRole'.</msg>
<status status="PASS" starttime="20240212 10:35:04.691" endtime="20240212 10:35:04.722"/>
</kw>
<kw name="Element Should Be Visible" library="SeleniumLibrary">
<arg>//i[@data-testid="admin-roles-delete-icon"]</arg>
<doc>Verifies that the element identified by ``locator`` is visible.</doc>
<msg timestamp="20240212 10:35:04.742" level="INFO">Element '//i[@data-testid="admin-roles-delete-icon"]' is displayed.</msg>
<status status="PASS" starttime="20240212 10:35:04.722" endtime="20240212 10:35:04.742"/>
</kw>
<kw name="Sleep" library="BuiltIn">
<arg>2</arg>
<doc>Pauses the test executed for the given time.</doc>
<msg timestamp="20240212 10:35:06.743" level="INFO">Slept 2 seconds</msg>
<status status="PASS" starttime="20240212 10:35:04.742" endtime="20240212 10:35:06.743"/>
</kw>
<kw name="Element Should Be Visible" library="SeleniumLibrary">
<arg>//i[@data-testid="admin-roles-edit-icon"]</arg>
<doc>Verifies that the element identified by ``locator`` is visible.</doc>
<msg timestamp="20240212 10:35:06.770" level="INFO">Element '//i[@data-testid="admin-roles-edit-icon"]' is displayed.</msg>
<status status="PASS" starttime="20240212 10:35:06.743" endtime="20240212 10:35:06.770"/>
</kw>
<kw name="Click Element" library="SeleniumLibrary">
<arg>//div[@data-testid="user-list-view-dropdown"]</arg>
<doc>Click the element identified by ``locator``.</doc>
<msg timestamp="20240212 10:35:06.770" level="INFO">Clicking element '//div[@data-testid="user-list-view-dropdown"]'.</msg>
<status status="PASS" starttime="20240212 10:35:06.770" endtime="20240212 10:35:06.824"/>
</kw>
<kw name="Wait Until Element Is Visible" library="SeleniumLibrary">
<arg>//div[contains(text(),'No results found')]</arg>
<doc>Waits until the element ``locator`` is visible.</doc>
<status status="PASS" starttime="20240212 10:35:06.826" endtime="20240212 10:35:07.723"/>
</kw>
<kw name="Log To Console" library="BuiltIn">
<arg>Created role can be edit, delete and view from here.</arg>
<doc>Logs the given message to the console.</doc>
<status status="PASS" starttime="20240212 10:35:07.723" endtime="20240212 10:35:07.724"/>
</kw>
<kw name="Sleep" library="BuiltIn">
<arg>4</arg>
<doc>Pauses the test executed for the given time.</doc>
<msg timestamp="20240212 10:35:11.725" level="INFO">Slept 4 seconds</msg>
<status status="PASS" starttime="20240212 10:35:07.724" endtime="20240212 10:35:11.725"/>
</kw>
<status status="PASS" starttime="20240212 10:34:59.559" endtime="20240212 10:35:11.725"/>
</kw>
<kw name="Edit a Role" library="AdminPageRoles">
<kw name="Click Element" library="SeleniumLibrary">
<arg>//i[@data-testid="admin-roles-edit-icon"]</arg>
<doc>Click the element identified by ``locator``.</doc>
<msg timestamp="20240212 10:35:11.725" level="INFO">Clicking element '//i[@data-testid="admin-roles-edit-icon"]'.</msg>
<status status="PASS" starttime="20240212 10:35:11.725" endtime="20240212 10:35:11.788"/>
</kw>
<kw name="Page Should Contain" library="SeleniumLibrary">
<arg>${EditConfirm}</arg>
<doc>Verifies that current page contains ``text``.</doc>
<msg timestamp="20240212 10:35:11.804" level="INFO">Current page contains text 'Edit Role'.</msg>
<status status="PASS" starttime="20240212 10:35:11.788" endtime="20240212 10:35:11.804"/>
</kw>
<kw name="Sleep" library="BuiltIn">
<arg>2</arg>
<doc>Pauses the test executed for the given time.</doc>
<msg timestamp="20240212 10:35:13.805" level="INFO">Slept 2 seconds</msg>
<status status="PASS" starttime="20240212 10:35:11.804" endtime="20240212 10:35:13.805"/>
</kw>
<kw name="Input Text" library="SeleniumLibrary">
<arg>//input[@id="edit-role-name"]</arg>
<arg>${Edit rolename}</arg>
<doc>Types the given ``text`` into the text field identified by ``locator``.</doc>
<msg timestamp="20240212 10:35:13.806" level="INFO">Typing text '/Checking-automation' into text field '//input[@id="edit-role-name"]'.</msg>
<status status="PASS" starttime="20240212 10:35:13.805" endtime="20240212 10:35:13.944"/>
</kw>
<kw name="Sleep" library="BuiltIn">
<arg>2</arg>
<doc>Pauses the test executed for the given time.</doc>
<msg timestamp="20240212 10:35:15.945" level="INFO">Slept 2 seconds</msg>
<status status="PASS" starttime="20240212 10:35:13.944" endtime="20240212 10:35:15.945"/>
</kw>
<kw name="Click Button" library="SeleniumLibrary">
<arg>//button[@data-testid="edit-role-modal-save-button"]</arg>
<doc>Clicks the button identified by ``locator``.</doc>
<msg timestamp="20240212 10:35:15.945" level="INFO">Clicking button '//button[@data-testid="edit-role-modal-save-button"]'.</msg>
<status status="PASS" starttime="20240212 10:35:15.945" endtime="20240212 10:35:16.017"/>
</kw>
<kw name="Wait Until Element Is Visible" library="SeleniumLibrary">
<arg>//div[contains(text(),'Role updated successfully!')]</arg>
<doc>Waits until the element ``locator`` is visible.</doc>
<status status="PASS" starttime="20240212 10:35:16.017" endtime="20240212 10:35:17.144"/>
</kw>
<kw name="Log To Console" library="BuiltIn">
<arg>Role Name updated succesfully !</arg>
<doc>Logs the given message to the console.</doc>
<status status="PASS" starttime="20240212 10:35:17.144" endtime="20240212 10:35:17.144"/>
</kw>
<kw name="Click Button" library="SeleniumLibrary">
<arg>//button[@data-testid="clear-role-search-button"]</arg>
<doc>Clicks the button identified by ``locator``.</doc>
<msg timestamp="20240212 10:35:17.144" level="INFO">Clicking button '//button[@data-testid="clear-role-search-button"]'.</msg>
<status status="PASS" starttime="20240212 10:35:17.144" endtime="20240212 10:35:17.236"/>
</kw>
<status status="PASS" starttime="20240212 10:35:11.725" endtime="20240212 10:35:17.236"/>
</kw>
<kw name="Add a Usergroup to the new role" library="AdminPageRoles">
<kw name="Click on Users" library="AdminPageUsers">
<kw name="Sleep" library="BuiltIn">
<arg>10</arg>
<doc>Pauses the test executed for the given time.</doc>
<msg timestamp="20240212 10:35:27.237" level="INFO">Slept 10 seconds</msg>
<status status="PASS" starttime="20240212 10:35:17.236" endtime="20240212 10:35:27.237"/>
</kw>
<kw name="Click Element" library="SeleniumLibrary">
<arg>//span[@class='navbar-toggler-icon']</arg>
<doc>Click the element identified by ``locator``.</doc>
<msg timestamp="20240212 10:35:27.237" level="INFO">Clicking element '//span[@class='navbar-toggler-icon']'.</msg>
<status status="PASS" starttime="20240212 10:35:27.237" endtime="20240212 10:35:27.294"/>
</kw>
<kw name="Click Element" library="SeleniumLibrary">
<arg>//a[@data-testid='admin-nav-link']</arg>
<doc>Click the element identified by ``locator``.</doc>
<msg timestamp="20240212 10:35:27.296" level="INFO">Clicking element '//a[@data-testid='admin-nav-link']'.</msg>
<status status="PASS" starttime="20240212 10:35:27.294" endtime="20240212 10:35:27.359"/>
</kw>
<kw name="Sleep" library="BuiltIn">
<arg>3</arg>
<doc>Pauses the test executed for the given time.</doc>
<msg timestamp="20240212 10:35:30.359" level="INFO">Slept 3 seconds</msg>
<status status="PASS" starttime="20240212 10:35:27.359" endtime="20240212 10:35:30.359"/>
</kw>
<kw name="Click Element" library="SeleniumLibrary">
<arg>//*[@data-testid="application-text-2"]</arg>
<doc>Click the element identified by ``locator``.</doc>
<msg timestamp="20240212 10:35:30.359" level="INFO">Clicking element '//*[@data-testid="application-text-2"]'.</msg>
<status status="PASS" starttime="20240212 10:35:30.359" endtime="20240212 10:35:30.436"/>
</kw>
<kw name="Sleep" library="BuiltIn">
<arg>5</arg>
<doc>Pauses the test executed for the given time.</doc>
<msg timestamp="20240212 10:35:35.436" level="INFO">Slept 5 seconds</msg>
<status status="PASS" starttime="20240212 10:35:30.436" endtime="20240212 10:35:35.436"/>
</kw>
<status status="PASS" starttime="20240212 10:35:17.236" endtime="20240212 10:35:35.436"/>
</kw>
<kw name="Search for a default User" library="AdminPageUsers">
<kw name="Click on Users" library="AdminPageUsers">
<kw name="Sleep" library="BuiltIn">
<arg>10</arg>
<doc>Pauses the test executed for the given time.</doc>
<msg timestamp="20240212 10:35:45.437" level="INFO">Slept 10 seconds</msg>
<status status="PASS" starttime="20240212 10:35:35.437" endtime="20240212 10:35:45.437"/>
</kw>
<kw name="Click Element" library="SeleniumLibrary">
<arg>//span[@class='navbar-toggler-icon']</arg>
<doc>Click the element identified by ``locator``.</doc>
<msg timestamp="20240212 10:35:45.437" level="INFO">Clicking element '//span[@class='navbar-toggler-icon']'.</msg>
<status status="PASS" starttime="20240212 10:35:45.437" endtime="20240212 10:35:45.499"/>
</kw>
<kw name="Click Element" library="SeleniumLibrary">
<arg>//a[@data-testid='admin-nav-link']</arg>
<doc>Click the element identified by ``locator``.</doc>
<msg timestamp="20240212 10:35:45.499" level="INFO">Clicking element '//a[@data-testid='admin-nav-link']'.</msg>
<status status="PASS" starttime="20240212 10:35:45.499" endtime="20240212 10:35:45.572"/>
</kw>
<kw name="Sleep" library="BuiltIn">
<arg>3</arg>
<doc>Pauses the test executed for the given time.</doc>
<msg timestamp="20240212 10:35:48.572" level="INFO">Slept 3 seconds</msg>
<status status="PASS" starttime="20240212 10:35:45.572" endtime="20240212 10:35:48.572"/>
</kw>
<kw name="Click Element" library="SeleniumLibrary">
<arg>//*[@data-testid="application-text-2"]</arg>
<doc>Click the element identified by ``locator``.</doc>
<msg timestamp="20240212 10:35:48.572" level="INFO">Clicking element '//*[@data-testid="application-text-2"]'.</msg>
<status status="PASS" starttime="20240212 10:35:48.572" endtime="20240212 10:35:48.626"/>
</kw>
<kw name="Sleep" library="BuiltIn">
<arg>5</arg>
<doc>Pauses the test executed for the given time.</doc>
<msg timestamp="20240212 10:35:53.627" level="INFO">Slept 5 seconds</msg>
<status status="PASS" starttime="20240212 10:35:48.626" endtime="20240212 10:35:53.627"/>
</kw>
<status status="PASS" starttime="20240212 10:35:35.437" endtime="20240212 10:35:53.627"/>
</kw>
<kw name="Input Text" library="SeleniumLibrary">
<arg>//input[@data-testid="search-users-input"]</arg>
<arg>${SearchRole}</arg>
<doc>Types the given ``text`` into the text field identified by ``locator``.</doc>
<msg timestamp="20240212 10:35:53.627" level="INFO">Typing text 'formsflow-reviewer' into text field '//input[@data-testid="search-users-input"]'.</msg>
<status status="PASS" starttime="20240212 10:35:53.627" endtime="20240212 10:35:53.799"/>
</kw>
<kw name="Sleep" library="BuiltIn">
<arg>3</arg>
<doc>Pauses the test executed for the given time.</doc>
<msg timestamp="20240212 10:35:56.800" level="INFO">Slept 3 seconds</msg>
<status status="PASS" starttime="20240212 10:35:53.799" endtime="20240212 10:35:56.801"/>
</kw>
<kw name="Element Should Be Visible" library="SeleniumLibrary">
<arg>//div[normalize-space()='Reviewer FFA']</arg>
<doc>Verifies that the element identified by ``locator`` is visible.</doc>
<msg timestamp="20240212 10:35:56.839" level="INFO">Element '//div[normalize-space()='Reviewer FFA']' is displayed.</msg>
<status status="PASS" starttime="20240212 10:35:56.801" endtime="20240212 10:35:56.839"/>
</kw>
<kw name="Element Should Be Visible" library="SeleniumLibrary">
<arg>//span[normalize-space()='${SearchRole}']</arg>
<doc>Verifies that the element identified by ``locator`` is visible.</doc>
<msg timestamp="20240212 10:35:56.869" level="INFO">Element '//span[normalize-space()='formsflow-reviewer']' is displayed.</msg>
<status status="PASS" starttime="20240212 10:35:56.839" endtime="20240212 10:35:56.869"/>
</kw>
<status status="PASS" starttime="20240212 10:35:35.436" endtime="20240212 10:35:56.869"/>
</kw>
<kw name="Click Button" library="SeleniumLibrary">
<arg>//button[@data-testid="users-add-role-button"]</arg>
<doc>Clicks the button identified by ``locator``.</doc>
<msg timestamp="20240212 10:35:56.869" level="INFO">Clicking button '//button[@data-testid="users-add-role-button"]'.</msg>
<status status="PASS" starttime="20240212 10:35:56.869" endtime="20240212 10:35:56.941"/>
</kw>
<kw name="Sleep" library="BuiltIn">
<arg>3</arg>
<doc>Pauses the test executed for the given time.</doc>
<msg timestamp="20240212 10:35:59.950" level="INFO">Slept 3 seconds</msg>
<status status="PASS" starttime="20240212 10:35:56.949" endtime="20240212 10:35:59.950"/>
</kw>
<kw name="Element Should Be Visible" library="SeleniumLibrary">
<arg>//div[contains(@class,'role-list')]//div[2]</arg>
<doc>Verifies that the element identified by ``locator`` is visible.</doc>
<msg timestamp="20240212 10:35:59.969" level="INFO">Element '//div[contains(@class,'role-list')]//div[2]' is displayed.</msg>
<status status="PASS" starttime="20240212 10:35:59.950" endtime="20240212 10:35:59.969"/>
</kw>
<kw name="Wait Until Page Contains Element" library="SeleniumLibrary">
<arg>//div[contains(@class, 'role-highlighted')]</arg>
<doc>Waits until the element ``locator`` appears on the current page.</doc>
<status status="PASS" starttime="20240212 10:35:59.969" endtime="20240212 10:35:59.979"/>
</kw>
<kw name="Sleep" library="BuiltIn">
<arg>3</arg>
<doc>Pauses the test executed for the given time.</doc>
<msg timestamp="20240212 10:36:02.980" level="INFO">Slept 3 seconds</msg>
<status status="PASS" starttime="20240212 10:35:59.979" endtime="20240212 10:36:02.980"/>
</kw>
<kw name="Scroll Element Into View" library="SeleniumLibrary">
<arg>//div[contains(text(), '${Edit rolename}')]</arg>
<doc>Scrolls the element identified by ``locator`` into view.</doc>
<status status="PASS" starttime="20240212 10:36:02.980" endtime="20240212 10:36:03.278"/>
</kw>
<kw name="Click Element" library="SeleniumLibrary">
<arg>//div[contains(text(), '${Edit rolename}')]</arg>
<doc>Click the element identified by ``locator``.</doc>
<msg timestamp="20240212 10:36:03.278" level="INFO">Clicking element '//div[contains(text(), '/Checking-automation')]'.</msg>
<status status="PASS" starttime="20240212 10:36:03.278" endtime="20240212 10:36:03.328"/>
</kw>
<kw name="Element Should Be Visible" library="SeleniumLibrary">
<arg>//i[contains(@class,'fa fa-check')]</arg>
<doc>Verifies that the element identified by ``locator`` is visible.</doc>
<msg timestamp="20240212 10:36:03.348" level="INFO">Element '//i[contains(@class,'fa fa-check')]' is displayed.</msg>
<status status="PASS" starttime="20240212 10:36:03.328" endtime="20240212 10:36:03.348"/>
</kw>
<kw name="Sleep" library="BuiltIn">
<arg>2</arg>
<doc>Pauses the test executed for the given time.</doc>
<msg timestamp="20240212 10:36:05.349" level="INFO">Slept 2 seconds</msg>
<status status="PASS" starttime="20240212 10:36:03.348" endtime="20240212 10:36:05.349"/>
</kw>
<kw name="Click Button" library="SeleniumLibrary">
<arg>//button[@data-testid="add-role-popover-done-button"]</arg>
<doc>Clicks the button identified by ``locator``.</doc>
<msg timestamp="20240212 10:36:05.349" level="INFO">Clicking button '//button[@data-testid="add-role-popover-done-button"]'.</msg>
<status status="PASS" starttime="20240212 10:36:05.349" endtime="20240212 10:36:05.449"/>
</kw>
<kw name="Wait Until Element Is Visible" library="SeleniumLibrary">
<arg>//div[contains(text(),'${UpdateMessage}')]</arg>
<doc>Waits until the element ``locator`` is visible.</doc>
<status status="PASS" starttime="20240212 10:36:05.449" endtime="20240212 10:36:06.364"/>
</kw>
<status status="PASS" starttime="20240212 10:35:17.236" endtime="20240212 10:36:06.364"/>
</kw>
<kw name="Delete a Role" library="AdminPageRoles">
<kw name="Click on Roles" library="AdminPageRoles">
<kw name="Sleep" library="BuiltIn">
<arg>10</arg>
<doc>Pauses the test executed for the given time.</doc>
<msg timestamp="20240212 10:36:16.364" level="INFO">Slept 10 seconds</msg>
<status status="PASS" starttime="20240212 10:36:06.364" endtime="20240212 10:36:16.364"/>
</kw>
<kw name="Click Element" library="SeleniumLibrary">
<arg>//span[@class='navbar-toggler-icon']</arg>
<doc>Click the element identified by ``locator``.</doc>
<msg timestamp="20240212 10:36:16.364" level="INFO">Clicking element '//span[@class='navbar-toggler-icon']'.</msg>
<status status="PASS" starttime="20240212 10:36:16.364" endtime="20240212 10:36:16.427"/>
</kw>
<kw name="Click Element" library="SeleniumLibrary">
<arg>//a[@data-testid='admin-nav-link']</arg>
<doc>Click the element identified by ``locator``.</doc>
<msg timestamp="20240212 10:36:16.429" level="INFO">Clicking element '//a[@data-testid='admin-nav-link']'.</msg>
<status status="PASS" starttime="20240212 10:36:16.427" endtime="20240212 10:36:16.485"/>
</kw>
<kw name="Sleep" library="BuiltIn">
<arg>3</arg>
<doc>Pauses the test executed for the given time.</doc>
<msg timestamp="20240212 10:36:19.485" level="INFO">Slept 3 seconds</msg>
<status status="PASS" starttime="20240212 10:36:16.485" endtime="20240212 10:36:19.485"/>
</kw>
<kw name="Click Element" library="SeleniumLibrary">
<arg>//*[@data-testid="application-text-1"]</arg>
<doc>Click the element identified by ``locator``.</doc>
<msg timestamp="20240212 10:36:19.485" level="INFO">Clicking element '//*[@data-testid="application-text-1"]'.</msg>
<status status="PASS" starttime="20240212 10:36:19.485" endtime="20240212 10:36:19.572"/>
</kw>
<kw name="Sleep" library="BuiltIn">
<arg>2</arg>
<doc>Pauses the test executed for the given time.</doc>
<msg timestamp="20240212 10:36:21.573" level="INFO">Slept 2 seconds</msg>
<status status="PASS" starttime="20240212 10:36:19.572" endtime="20240212 10:36:21.573"/>
</kw>
<status status="PASS" starttime="20240212 10:36:06.364" endtime="20240212 10:36:21.573"/>
</kw>
<kw name="Sleep" library="BuiltIn">
<arg>3</arg>
<doc>Pauses the test executed for the given time.</doc>
<msg timestamp="20240212 10:36:24.574" level="INFO">Slept 3 seconds</msg>
<status status="PASS" starttime="20240212 10:36:21.573" endtime="20240212 10:36:24.574"/>
</kw>
<kw name="Input Text" library="SeleniumLibrary">
<arg>//input[@data-testid="search-role-input"]</arg>
<arg>${Edit rolename}</arg>
<doc>Types the given ``text`` into the text field identified by ``locator``.</doc>
<msg timestamp="20240212 10:36:24.577" level="INFO">Typing text '/Checking-automation' into text field '//input[@data-testid="search-role-input"]'.</msg>
<status status="PASS" starttime="20240212 10:36:24.574" endtime="20240212 10:36:24.737"/>
</kw>
<kw name="Sleep" library="BuiltIn">
<arg>3</arg>
<doc>Pauses the test executed for the given time.</doc>
<msg timestamp="20240212 10:36:27.738" level="INFO">Slept 3 seconds</msg>
<status status="PASS" starttime="20240212 10:36:24.737" endtime="20240212 10:36:27.738"/>
</kw>
<kw name="Click Element" library="SeleniumLibrary">
<arg>//i[@data-testid="admin-roles-delete-icon"]</arg>
<doc>Click the element identified by ``locator``.</doc>
<msg timestamp="20240212 10:36:27.739" level="INFO">Clicking element '//i[@data-testid="admin-roles-delete-icon"]'.</msg>
<status status="PASS" starttime="20240212 10:36:27.738" endtime="20240212 10:36:27.820"/>
</kw>
<kw name="Sleep" library="BuiltIn">
<arg>3</arg>
<doc>Pauses the test executed for the given time.</doc>
<msg timestamp="20240212 10:36:30.820" level="INFO">Slept 3 seconds</msg>
<status status="PASS" starttime="20240212 10:36:27.820" endtime="20240212 10:36:30.821"/>
</kw>
<kw name="Page Should Contain" library="SeleniumLibrary">
<arg>${DeleteConfirm} ${Edit rolename}</arg>
<doc>Verifies that current page contains ``text``.</doc>
<msg timestamp="20240212 10:36:30.843" level="INFO">Current page contains text 'Are you sure deleting the role /Checking-automation'.</msg>
<status status="PASS" starttime="20240212 10:36:30.821" endtime="20240212 10:36:30.843"/>
</kw>
<kw name="Click Button" library="SeleniumLibrary">
<arg>//button[@data-testid="roles-confirm-delete-button"]</arg>
<doc>Clicks the button identified by ``locator``.</doc>
<msg timestamp="20240212 10:36:30.843" level="INFO">Clicking button '//button[@data-testid="roles-confirm-delete-button"]'.</msg>
<status status="PASS" starttime="20240212 10:36:30.843" endtime="20240212 10:36:30.937"/>
</kw>
<kw name="Wait Until Element Is Visible" library="SeleniumLibrary">
<arg>//div[contains(text(),'Role deleted successfully!')]</arg>
<doc>Waits until the element ``locator`` is visible.</doc>
<status status="PASS" starttime="20240212 10:36:30.937" endtime="20240212 10:36:32.064"/>
</kw>
<kw name="Log To Console" library="BuiltIn">
<arg>Role deleted successfully</arg>
<doc>Logs the given message to the console.</doc>
<status status="PASS" starttime="20240212 10:36:32.064" endtime="20240212 10:36:32.065"/>
</kw>
<status status="PASS" starttime="20240212 10:36:06.364" endtime="20240212 10:36:32.065"/>
</kw>
<kw name="Close Browser" library="SeleniumLibrary" type="TEARDOWN">
<doc>Closes the current browser.</doc>
<status status="PASS" starttime="20240212 10:36:32.065" endtime="20240212 10:36:34.167"/>
</kw>
<tag>roles</tag>
<status status="PASS" starttime="20240212 10:33:49.165" endtime="20240212 10:36:34.167"/>
</test>
<test id="s1-t3" name="User Persmissions" line="39">
<kw name="Open chrome Browser and goto QAbundle instance" library="Generic" type="SETUP">
<kw name="Open Browser" library="SeleniumLibrary">
<arg>${url}</arg>
<arg>browser=chrome</arg>
<arg>options=add_argument("--headless")</arg>
<doc>Opens a new browser instance to the optional ``url``.</doc>
<msg timestamp="20240212 10:36:34.167" level="INFO">Opening browser 'chrome' to base url 'https://forms-flow-web-qaee.aot-technologies.com/'.</msg>
<status status="PASS" starttime="20240212 10:36:34.167" endtime="20240212 10:36:42.958"/>
</kw>
<kw name="Maximize Browser Window" library="SeleniumLibrary">
<doc>Maximizes current browser window.</doc>
<status status="PASS" starttime="20240212 10:36:42.958" endtime="20240212 10:36:43.368"/>
</kw>
<status status="PASS" starttime="20240212 10:36:34.167" endtime="20240212 10:36:43.368"/>
</kw>
<kw name="Login To QA Instance" library="Generic">
<arg>${username}</arg>
<kw name="Sleep" library="BuiltIn">
<arg>5</arg>
<doc>Pauses the test executed for the given time.</doc>
<msg timestamp="20240212 10:36:48.369" level="INFO">Slept 5 seconds</msg>
<status status="PASS" starttime="20240212 10:36:43.368" endtime="20240212 10:36:48.369"/>
</kw>
<kw name="Input Text" library="SeleniumLibrary">
<arg>${enter_username}</arg>
<arg>${username}</arg>
<doc>Types the given ``text`` into the text field identified by ``locator``.</doc>
<msg timestamp="20240212 10:36:48.369" level="INFO">Typing text 'john.honai' into text field '//*[@id="username"]'.</msg>
<status status="PASS" starttime="20240212 10:36:48.369" endtime="20240212 10:36:48.508"/>
</kw>
<kw name="Input Password" library="SeleniumLibrary">
<arg>${enter_password}</arg>
<arg>${password}</arg>
<doc>Types the given password into the text field identified by ``locator``.</doc>
<msg timestamp="20240212 10:36:48.509" level="INFO">Typing password into text field '//*[@id="password"]'.</msg>
<msg timestamp="20240212 10:36:48.539" level="INFO">Temporally setting log level to: NONE</msg>
<msg timestamp="20240212 10:36:48.574" level="INFO">Log level changed from NONE to INFO.</msg>
<status status="PASS" starttime="20240212 10:36:48.508" endtime="20240212 10:36:48.574"/>
</kw>
<kw name="Click Button" library="SeleniumLibrary">
<arg>${login}</arg>
<doc>Clicks the button identified by ``locator``.</doc>
<msg timestamp="20240212 10:36:48.574" level="INFO">Clicking button '//*[@id="kc-login"]'.</msg>
<status status="PASS" starttime="20240212 10:36:48.574" endtime="20240212 10:36:50.000"/>
</kw>
<kw name="Maximize Browser Window" library="SeleniumLibrary">
<doc>Maximizes current browser window.</doc>
<status status="PASS" starttime="20240212 10:36:50.000" endtime="20240212 10:36:50.000"/>
</kw>
<kw name="Sleep" library="BuiltIn">
<arg>5</arg>
<doc>Pauses the test executed for the given time.</doc>
<msg timestamp="20240212 10:36:55.001" level="INFO">Slept 5 seconds</msg>
<status status="PASS" starttime="20240212 10:36:50.000" endtime="20240212 10:36:55.001"/>
</kw>
<status status="PASS" starttime="20240212 10:36:43.368" endtime="20240212 10:36:55.001"/>
</kw>
<kw name="Search for a default User" library="AdminPageUsers">
<kw name="Click on Users" library="AdminPageUsers">
<kw name="Sleep" library="BuiltIn">
<arg>10</arg>
<doc>Pauses the test executed for the given time.</doc>
<msg timestamp="20240212 10:37:05.001" level="INFO">Slept 10 seconds</msg>
<status status="PASS" starttime="20240212 10:36:55.001" endtime="20240212 10:37:05.001"/>
</kw>
<kw name="Click Element" library="SeleniumLibrary">
<arg>//span[@class='navbar-toggler-icon']</arg>
<doc>Click the element identified by ``locator``.</doc>
<msg timestamp="20240212 10:37:05.001" level="INFO">Clicking element '//span[@class='navbar-toggler-icon']'.</msg>
<status status="PASS" starttime="20240212 10:37:05.001" endtime="20240212 10:37:05.067"/>
</kw>
<kw name="Click Element" library="SeleniumLibrary">
<arg>//a[@data-testid='admin-nav-link']</arg>
<doc>Click the element identified by ``locator``.</doc>
<msg timestamp="20240212 10:37:05.067" level="INFO">Clicking element '//a[@data-testid='admin-nav-link']'.</msg>
<status status="PASS" starttime="20240212 10:37:05.067" endtime="20240212 10:37:05.121"/>
</kw>
<kw name="Sleep" library="BuiltIn">
<arg>3</arg>
<doc>Pauses the test executed for the given time.</doc>
<msg timestamp="20240212 10:37:08.122" level="INFO">Slept 3 seconds</msg>
<status status="PASS" starttime="20240212 10:37:05.121" endtime="20240212 10:37:08.122"/>
</kw>
<kw name="Click Element" library="SeleniumLibrary">
<arg>//*[@data-testid="application-text-2"]</arg>
<doc>Click the element identified by ``locator``.</doc>
<msg timestamp="20240212 10:37:08.122" level="INFO">Clicking element '//*[@data-testid="application-text-2"]'.</msg>
<status status="PASS" starttime="20240212 10:37:08.122" endtime="20240212 10:37:08.196"/>
</kw>
<kw name="Sleep" library="BuiltIn">
<arg>5</arg>
<doc>Pauses the test executed for the given time.</doc>
<msg timestamp="20240212 10:37:13.196" level="INFO">Slept 5 seconds</msg>
<status status="PASS" starttime="20240212 10:37:08.196" endtime="20240212 10:37:13.196"/>
</kw>
<status status="PASS" starttime="20240212 10:36:55.001" endtime="20240212 10:37:13.196"/>
</kw>
<kw name="Input Text" library="SeleniumLibrary">
<arg>//input[@data-testid="search-users-input"]</arg>
<arg>${SearchRole}</arg>
<doc>Types the given ``text`` into the text field identified by ``locator``.</doc>
<msg timestamp="20240212 10:37:13.196" level="INFO">Typing text 'formsflow-reviewer' into text field '//input[@data-testid="search-users-input"]'.</msg>
<status status="PASS" starttime="20240212 10:37:13.196" endtime="20240212 10:37:13.352"/>
</kw>
<kw name="Sleep" library="BuiltIn">
<arg>3</arg>
<doc>Pauses the test executed for the given time.</doc>
<msg timestamp="20240212 10:37:16.352" level="INFO">Slept 3 seconds</msg>
<status status="PASS" starttime="20240212 10:37:13.352" endtime="20240212 10:37:16.352"/>
</kw>
<kw name="Element Should Be Visible" library="SeleniumLibrary">
<arg>//div[normalize-space()='Reviewer FFA']</arg>
<doc>Verifies that the element identified by ``locator`` is visible.</doc>
<msg timestamp="20240212 10:37:16.381" level="INFO">Element '//div[normalize-space()='Reviewer FFA']' is displayed.</msg>
<status status="PASS" starttime="20240212 10:37:16.352" endtime="20240212 10:37:16.381"/>
</kw>
<kw name="Element Should Be Visible" library="SeleniumLibrary">
<arg>//span[normalize-space()='${SearchRole}']</arg>
<doc>Verifies that the element identified by ``locator`` is visible.</doc>
<msg timestamp="20240212 10:37:16.404" level="INFO">Element '//span[normalize-space()='formsflow-reviewer']' is displayed.</msg>
<status status="PASS" starttime="20240212 10:37:16.381" endtime="20240212 10:37:16.404"/>
</kw>
<status status="PASS" starttime="20240212 10:36:55.001" endtime="20240212 10:37:16.404"/>
</kw>
<kw name="Add a new usergroup to the role" library="AdminPageUsers">
<kw name="Click Button" library="SeleniumLibrary">
<arg>//button[@data-testid="users-add-role-button"]</arg>
<doc>Clicks the button identified by ``locator``.</doc>
<msg timestamp="20240212 10:37:16.404" level="INFO">Clicking button '//button[@data-testid="users-add-role-button"]'.</msg>
<status status="PASS" starttime="20240212 10:37:16.404" endtime="20240212 10:37:16.513"/>
</kw>
<kw name="Sleep" library="BuiltIn">
<arg>3</arg>
<doc>Pauses the test executed for the given time.</doc>
<msg timestamp="20240212 10:37:19.514" level="INFO">Slept 3 seconds</msg>
<status status="PASS" starttime="20240212 10:37:16.513" endtime="20240212 10:37:19.514"/>
</kw>
<kw name="Element Should Be Visible" library="SeleniumLibrary">
<arg>//*[@data-testid="users-add-role-popover"]</arg>
<doc>Verifies that the element identified by ``locator`` is visible.</doc>
<msg timestamp="20240212 10:37:19.546" level="INFO">Element '//*[@data-testid="users-add-role-popover"]' is displayed.</msg>
<status status="PASS" starttime="20240212 10:37:19.514" endtime="20240212 10:37:19.546"/>
</kw>
<kw name="Wait Until Page Contains Element" library="SeleniumLibrary">
<arg>//div[contains(@class, 'role-highlighted')]</arg>
<doc>Waits until the element ``locator`` appears on the current page.</doc>
<status status="PASS" starttime="20240212 10:37:19.546" endtime="20240212 10:37:19.562"/>
</kw>
<kw name="Sleep" library="BuiltIn">
<arg>3</arg>
<doc>Pauses the test executed for the given time.</doc>
<msg timestamp="20240212 10:37:22.563" level="INFO">Slept 3 seconds</msg>
<status status="PASS" starttime="20240212 10:37:19.562" endtime="20240212 10:37:22.563"/>
</kw>
<kw name="Click Element" library="SeleniumLibrary">
<arg>//div[@class='role-list']/div[text()='/formsflow-analytics/${NewGroup}']</arg>
<doc>Click the element identified by ``locator``.</doc>
<msg timestamp="20240212 10:37:22.563" level="INFO">Clicking element '//div[@class='role-list']/div[text()='/formsflow-analytics/group4']'.</msg>
<status status="PASS" starttime="20240212 10:37:22.563" endtime="20240212 10:37:22.614"/>
</kw>
<kw name="Element Should Be Visible" library="SeleniumLibrary">
<arg>//i[contains(@class,'fa fa-check')]</arg>
<doc>Verifies that the element identified by ``locator`` is visible.</doc>
<msg timestamp="20240212 10:37:22.644" level="INFO">Element '//i[contains(@class,'fa fa-check')]' is displayed.</msg>
<status status="PASS" starttime="20240212 10:37:22.614" endtime="20240212 10:37:22.644"/>
</kw>
<kw name="Sleep" library="BuiltIn">
<arg>2</arg>
<doc>Pauses the test executed for the given time.</doc>
<msg timestamp="20240212 10:37:24.644" level="INFO">Slept 2 seconds</msg>
<status status="PASS" starttime="20240212 10:37:22.644" endtime="20240212 10:37:24.644"/>
</kw>
<kw name="Click Button" library="SeleniumLibrary">
<arg>//button[normalize-space()='Done']</arg>
<doc>Clicks the button identified by ``locator``.</doc>
<msg timestamp="20240212 10:37:24.644" level="INFO">Clicking button '//button[normalize-space()='Done']'.</msg>
<status status="PASS" starttime="20240212 10:37:24.644" endtime="20240212 10:37:24.714"/>
</kw>
<kw name="Wait Until Element Is Visible" library="SeleniumLibrary">
<arg>//div[contains(text(),'${UpdateMessage}')]</arg>
<doc>Waits until the element ``locator`` is visible.</doc>
<status status="PASS" starttime="20240212 10:37:24.714" endtime="20240212 10:37:25.619"/>
</kw>
<kw name="Sleep" library="BuiltIn">
<arg>3</arg>
<doc>Pauses the test executed for the given time.</doc>
<msg timestamp="20240212 10:37:28.621" level="INFO">Slept 3 seconds</msg>
<status status="PASS" starttime="20240212 10:37:25.619" endtime="20240212 10:37:28.621"/>
</kw>
<kw name="Element Should Be Visible" library="SeleniumLibrary">
<arg>//span[normalize-space()='${NewGroup}']</arg>
<doc>Verifies that the element identified by ``locator`` is visible.</doc>
<msg timestamp="20240212 10:37:28.661" level="INFO">Element '//span[normalize-space()='group4']' is displayed.</msg>
<status status="PASS" starttime="20240212 10:37:28.622" endtime="20240212 10:37:28.661"/>
</kw>
<kw name="Log To Console" library="BuiltIn">
<arg>Group added successfully.</arg>
<doc>Logs the given message to the console.</doc>
<status status="PASS" starttime="20240212 10:37:28.661" endtime="20240212 10:37:28.661"/>
</kw>
<status status="PASS" starttime="20240212 10:37:16.404" endtime="20240212 10:37:28.661"/>
</kw>
<kw name="Remove added user group" library="AdminPageUsers">
<kw name="Sleep" library="BuiltIn">
<arg>4</arg>
<doc>Pauses the test executed for the given time.</doc>
<msg timestamp="20240212 10:37:32.661" level="INFO">Slept 4 seconds</msg>
<status status="PASS" starttime="20240212 10:37:28.661" endtime="20240212 10:37:32.661"/>
</kw>
<kw name="Click Element" library="SeleniumLibrary">
<arg>//span[contains(text(), '${NewGroup}')]//i[contains(@class, 'fa-xmark')]</arg>
<doc>Click the element identified by ``locator``.</doc>
<msg timestamp="20240212 10:37:32.661" level="INFO">Clicking element '//span[contains(text(), 'group4')]//i[contains(@class, 'fa-xmark')]'.</msg>
<status status="PASS" starttime="20240212 10:37:32.661" endtime="20240212 10:37:32.733"/>
</kw>
<kw name="Wait Until Element Is Visible" library="SeleniumLibrary">
<arg>//div[@role='alert']//div[contains(text(),'${UpdateMessage}')]</arg>
<doc>Waits until the element ``locator`` is visible.</doc>
<status status="PASS" starttime="20240212 10:37:32.733" endtime="20240212 10:37:33.842"/>
</kw>
<kw name="Log To Console" library="BuiltIn">
<arg>Group is removed successfully.</arg>
<doc>Logs the given message to the console.</doc>
<status status="PASS" starttime="20240212 10:37:33.842" endtime="20240212 10:37:33.842"/>
</kw>
<kw name="Click Button" library="SeleniumLibrary">
<arg>//button[@data-testid="clear-users-search-button"]</arg>
<doc>Clicks the button identified by ``locator``.</doc>
<msg timestamp="20240212 10:37:33.842" level="INFO">Clicking button '//button[@data-testid="clear-users-search-button"]'.</msg>
<status status="PASS" starttime="20240212 10:37:33.842" endtime="20240212 10:37:33.905"/>
</kw>
<kw name="Sleep" library="BuiltIn">
<arg>3</arg>
<doc>Pauses the test executed for the given time.</doc>
<msg timestamp="20240212 10:37:36.906" level="INFO">Slept 3 seconds</msg>
<status status="PASS" starttime="20240212 10:37:33.905" endtime="20240212 10:37:36.906"/>
</kw>
<status status="PASS" starttime="20240212 10:37:28.661" endtime="20240212 10:37:36.906"/>
</kw>
<kw name="Filter By Usergroup" library="AdminPageUsers">
<kw name="Click Element" library="SeleniumLibrary">
<arg>//select[@data-testid="users-roles-filter-select"]</arg>
<doc>Click the element identified by ``locator``.</doc>
<msg timestamp="20240212 10:37:36.908" level="INFO">Clicking element '//select[@data-testid="users-roles-filter-select"]'.</msg>
<status status="PASS" starttime="20240212 10:37:36.907" endtime="20240212 10:37:36.989"/>
</kw>
<kw name="Sleep" library="BuiltIn">
<arg>2</arg>
<doc>Pauses the test executed for the given time.</doc>
<msg timestamp="20240212 10:37:38.997" level="INFO">Slept 2 seconds</msg>
<status status="PASS" starttime="20240212 10:37:36.989" endtime="20240212 10:37:38.997"/>
</kw>
<kw name="Click Element" library="SeleniumLibrary">
<arg>//select[@title='Filter here']/option[@value='/formsflow/${FilterGroup}']</arg>
<doc>Click the element identified by ``locator``.</doc>
<msg timestamp="20240212 10:37:38.998" level="INFO">Clicking element '//select[@title='Filter here']/option[@value='/formsflow/formsflow-designer']'.</msg>
<status status="PASS" starttime="20240212 10:37:38.998" endtime="20240212 10:37:39.053"/>
</kw>
<kw name="Wait Until Element Is Visible" library="SeleniumLibrary">
<arg>//span[normalize-space()='${FilterGroup}']</arg>
<doc>Waits until the element ``locator`` is visible.</doc>
<status status="PASS" starttime="20240212 10:37:39.053" endtime="20240212 10:37:39.739"/>
</kw>
<status status="PASS" starttime="20240212 10:37:36.906" endtime="20240212 10:37:39.739"/>
</kw>
<kw name="Close Browser" library="SeleniumLibrary" type="TEARDOWN">
<doc>Closes the current browser.</doc>
<status status="PASS" starttime="20240212 10:37:39.739" endtime="20240212 10:37:41.842"/>
</kw>
<tag>users</tag>
<status status="PASS" starttime="20240212 10:36:34.167" endtime="20240212 10:37:41.842"/>
</test>
<doc>This test case is for checking all the permission available for admin user.</doc>
<status status="FAIL" starttime="20240212 10:32:48.267" endtime="20240212 10:37:41.844"/>
</suite>
<statistics>
<total>
<stat pass="2" fail="1" skip="0">All Tests</stat>
</total>
<tag>
<stat pass="0" fail="1" skip="0">dashboard</stat>
<stat pass="1" fail="0" skip="0">roles</stat>
<stat pass="1" fail="0" skip="0">users</stat>
</tag>
<suite>
<stat pass="2" fail="1" skip="0" id="s1" name="AdminPermissions">AdminPermissions</stat>
</suite>
</statistics>
<errors>
</errors>
</robot>
